Determining if the __INTEL_COMPILER exist failed with the following output:
Change Dir: /home/autonaut/dune_all/dune/CMakeFiles/CMakeTmp

Run Build Command:"/usr/bin/make" "cmTC_1f44c/fast"
/usr/bin/make -f CMakeFiles/cmTC_1f44c.dir/build.make CMakeFiles/cmTC_1f44c.dir/build
make[1]: Entering directory '/home/autonaut/dune_all/dune/CMakeFiles/CMakeTmp'
Building C object CMakeFiles/cmTC_1f44c.dir/CheckSymbolExists.c.o
/usr/bin/cc     -o CMakeFiles/cmTC_1f44c.dir/CheckSymbolExists.c.o   -c /home/autonaut/dune_all/dune/CMakeFiles/CMakeTmp/CheckSymbolExists.c
/home/autonaut/dune_all/dune/CMakeFiles/CMakeTmp/CheckSymbolExists.c: In function ‘main’:
/home/autonaut/dune_all/dune/CMakeFiles/CMakeTmp/CheckSymbolExists.c:8:19: error: ‘__INTEL_COMPILER’ undeclared (first use in this function)
   return ((int*)(&__INTEL_COMPILER))[argc];
                   ^
/home/autonaut/dune_all/dune/CMakeFiles/CMakeTmp/CheckSymbolExists.c:8:19: note: each undeclared identifier is reported only once for each function it appears in
CMakeFiles/cmTC_1f44c.dir/build.make:65: recipe for target 'CMakeFiles/cmTC_1f44c.dir/CheckSymbolExists.c.o' failed
make[1]: *** [CMakeFiles/cmTC_1f44c.dir/CheckSymbolExists.c.o] Error 1
make[1]: Leaving directory '/home/autonaut/dune_all/dune/CMakeFiles/CMakeTmp'
Makefile:126: recipe for target 'cmTC_1f44c/fast' failed
make: *** [cmTC_1f44c/fast] Error 2

File /home/autonaut/dune_all/dune/CMakeFiles/CMakeTmp/CheckSymbolExists.c:
/* */
#include <stdio.h>

int main(int argc, char** argv)
{
  (void)argv;
#ifndef __INTEL_COMPILER
  return ((int*)(&__INTEL_COMPILER))[argc];
#else
  (void)argc;
  return 0;
#endif
}

Determining if the __SUNPRO_C exist failed with the following output:
Change Dir: /home/autonaut/dune_all/dune/CMakeFiles/CMakeTmp

Run Build Command:"/usr/bin/make" "cmTC_30059/fast"
/usr/bin/make -f CMakeFiles/cmTC_30059.dir/build.make CMakeFiles/cmTC_30059.dir/build
make[1]: Entering directory '/home/autonaut/dune_all/dune/CMakeFiles/CMakeTmp'
Building C object CMakeFiles/cmTC_30059.dir/CheckSymbolExists.c.o
/usr/bin/cc     -o CMakeFiles/cmTC_30059.dir/CheckSymbolExists.c.o   -c /home/autonaut/dune_all/dune/CMakeFiles/CMakeTmp/CheckSymbolExists.c
/home/autonaut/dune_all/dune/CMakeFiles/CMakeTmp/CheckSymbolExists.c: In function ‘main’:
/home/autonaut/dune_all/dune/CMakeFiles/CMakeTmp/CheckSymbolExists.c:8:19: error: ‘__SUNPRO_C’ undeclared (first use in this function)
   return ((int*)(&__SUNPRO_C))[argc];
                   ^
/home/autonaut/dune_all/dune/CMakeFiles/CMakeTmp/CheckSymbolExists.c:8:19: note: each undeclared identifier is reported only once for each function it appears in
CMakeFiles/cmTC_30059.dir/build.make:65: recipe for target 'CMakeFiles/cmTC_30059.dir/CheckSymbolExists.c.o' failed
make[1]: *** [CMakeFiles/cmTC_30059.dir/CheckSymbolExists.c.o] Error 1
make[1]: Leaving directory '/home/autonaut/dune_all/dune/CMakeFiles/CMakeTmp'
Makefile:126: recipe for target 'cmTC_30059/fast' failed
make: *** [cmTC_30059/fast] Error 2

File /home/autonaut/dune_all/dune/CMakeFiles/CMakeTmp/CheckSymbolExists.c:
/* */
#include <stdio.h>

int main(int argc, char** argv)
{
  (void)argv;
#ifndef __SUNPRO_C
  return ((int*)(&__SUNPRO_C))[argc];
#else
  (void)argc;
  return 0;
#endif
}

Determining if the __clang__ exist failed with the following output:
Change Dir: /home/autonaut/dune_all/dune/CMakeFiles/CMakeTmp

Run Build Command:"/usr/bin/make" "cmTC_7f158/fast"
/usr/bin/make -f CMakeFiles/cmTC_7f158.dir/build.make CMakeFiles/cmTC_7f158.dir/build
make[1]: Entering directory '/home/autonaut/dune_all/dune/CMakeFiles/CMakeTmp'
Building C object CMakeFiles/cmTC_7f158.dir/CheckSymbolExists.c.o
/usr/bin/cc     -o CMakeFiles/cmTC_7f158.dir/CheckSymbolExists.c.o   -c /home/autonaut/dune_all/dune/CMakeFiles/CMakeTmp/CheckSymbolExists.c
/home/autonaut/dune_all/dune/CMakeFiles/CMakeTmp/CheckSymbolExists.c: In function ‘main’:
/home/autonaut/dune_all/dune/CMakeFiles/CMakeTmp/CheckSymbolExists.c:8:19: error: ‘__clang__’ undeclared (first use in this function)
   return ((int*)(&__clang__))[argc];
                   ^
/home/autonaut/dune_all/dune/CMakeFiles/CMakeTmp/CheckSymbolExists.c:8:19: note: each undeclared identifier is reported only once for each function it appears in
CMakeFiles/cmTC_7f158.dir/build.make:65: recipe for target 'CMakeFiles/cmTC_7f158.dir/CheckSymbolExists.c.o' failed
make[1]: *** [CMakeFiles/cmTC_7f158.dir/CheckSymbolExists.c.o] Error 1
make[1]: Leaving directory '/home/autonaut/dune_all/dune/CMakeFiles/CMakeTmp'
Makefile:126: recipe for target 'cmTC_7f158/fast' failed
make: *** [cmTC_7f158/fast] Error 2

File /home/autonaut/dune_all/dune/CMakeFiles/CMakeTmp/CheckSymbolExists.c:
/* */
#include <stdio.h>

int main(int argc, char** argv)
{
  (void)argv;
#ifndef __clang__
  return ((int*)(&__clang__))[argc];
#else
  (void)argc;
  return 0;
#endif
}

Performing C++ SOURCE FILE Test __ARCH64__ failed with the following output:
Change Dir: /home/autonaut/dune_all/dune/CMakeFiles/CMakeTmp

Run Build Command:"/usr/bin/make" "cmTC_2621e/fast"
/usr/bin/make -f CMakeFiles/cmTC_2621e.dir/build.make CMakeFiles/cmTC_2621e.dir/build
make[1]: Entering directory '/home/autonaut/dune_all/dune/CMakeFiles/CMakeTmp'
Building CXX object CMakeFiles/cmTC_2621e.dir/src.cxx.o
/usr/bin/c++     -D__ARCH64__   -o CMakeFiles/cmTC_2621e.dir/src.cxx.o -c /home/autonaut/dune_all/dune/CMakeFiles/CMakeTmp/src.cxx
/home/autonaut/dune_all/dune/CMakeFiles/CMakeTmp/src.cxx:3:2: error: #error not defined
 #error not defined
  ^
CMakeFiles/cmTC_2621e.dir/build.make:65: recipe for target 'CMakeFiles/cmTC_2621e.dir/src.cxx.o' failed
make[1]: *** [CMakeFiles/cmTC_2621e.dir/src.cxx.o] Error 1
make[1]: Leaving directory '/home/autonaut/dune_all/dune/CMakeFiles/CMakeTmp'
Makefile:126: recipe for target 'cmTC_2621e/fast' failed
make: *** [cmTC_2621e/fast] Error 2

Source file was:
#if defined(__arch64__)
#else
#error not defined
#endif
int main(void) {return 0; }

Performing C++ SOURCE FILE Test DUNE_CPU_MIXED_ENDIAN_DOUBLES failed with the following output:
Change Dir: /home/autonaut/dune_all/dune/CMakeFiles/CMakeTmp

Run Build Command:"/usr/bin/make" "cmTC_cfb22/fast"
/usr/bin/make -f CMakeFiles/cmTC_cfb22.dir/build.make CMakeFiles/cmTC_cfb22.dir/build
make[1]: Entering directory '/home/autonaut/dune_all/dune/CMakeFiles/CMakeTmp'
Building CXX object CMakeFiles/cmTC_cfb22.dir/src.cxx.o
/usr/bin/c++     -DDUNE_CPU_MIXED_ENDIAN_DOUBLES   -o CMakeFiles/cmTC_cfb22.dir/src.cxx.o -c /home/autonaut/dune_all/dune/CMakeFiles/CMakeTmp/src.cxx
/home/autonaut/dune_all/dune/CMakeFiles/CMakeTmp/src.cxx:3:4: error: #error not ARM architecture
 #  error not ARM architecture
    ^
CMakeFiles/cmTC_cfb22.dir/build.make:65: recipe for target 'CMakeFiles/cmTC_cfb22.dir/src.cxx.o' failed
make[1]: *** [CMakeFiles/cmTC_cfb22.dir/src.cxx.o] Error 1
make[1]: Leaving directory '/home/autonaut/dune_all/dune/CMakeFiles/CMakeTmp'
Makefile:126: recipe for target 'cmTC_cfb22/fast' failed
make: *** [cmTC_cfb22/fast] Error 2

Source file was:

#if !defined(__arm__)
#  error not ARM architecture
#endif

#if defined(__VFP_FP__)
#  error normal doubles.
#endif

int main(void) { return 0; }

Performing C++ SOURCE FILE Test DUNE_CPU_VARIANT_ATOM failed with the following output:
Change Dir: /home/autonaut/dune_all/dune/CMakeFiles/CMakeTmp

Run Build Command:"/usr/bin/make" "cmTC_e04ec/fast"
/usr/bin/make -f CMakeFiles/cmTC_e04ec.dir/build.make CMakeFiles/cmTC_e04ec.dir/build
make[1]: Entering directory '/home/autonaut/dune_all/dune/CMakeFiles/CMakeTmp'
Building CXX object CMakeFiles/cmTC_e04ec.dir/src.cxx.o
/usr/bin/c++     -DDUNE_CPU_VARIANT_ATOM   -o CMakeFiles/cmTC_e04ec.dir/src.cxx.o -c /home/autonaut/dune_all/dune/CMakeFiles/CMakeTmp/src.cxx
/home/autonaut/dune_all/dune/CMakeFiles/CMakeTmp/src.cxx:2:2: error: #error undefined macro
 #error undefined macro
  ^
CMakeFiles/cmTC_e04ec.dir/build.make:65: recipe for target 'CMakeFiles/cmTC_e04ec.dir/src.cxx.o' failed
make[1]: *** [CMakeFiles/cmTC_e04ec.dir/src.cxx.o] Error 1
make[1]: Leaving directory '/home/autonaut/dune_all/dune/CMakeFiles/CMakeTmp'
Makefile:126: recipe for target 'cmTC_e04ec/fast' failed
make: *** [cmTC_e04ec/fast] Error 2

Source file was:
#if !defined(__atom__)
#error undefined macro
#endif
int main(void){return 0;}
Performing C++ SOURCE FILE Test DUNE_CPU_VARIANT_GEODE failed with the following output:
Change Dir: /home/autonaut/dune_all/dune/CMakeFiles/CMakeTmp

Run Build Command:"/usr/bin/make" "cmTC_d667d/fast"
/usr/bin/make -f CMakeFiles/cmTC_d667d.dir/build.make CMakeFiles/cmTC_d667d.dir/build
make[1]: Entering directory '/home/autonaut/dune_all/dune/CMakeFiles/CMakeTmp'
Building CXX object CMakeFiles/cmTC_d667d.dir/src.cxx.o
/usr/bin/c++     -DDUNE_CPU_VARIANT_GEODE   -o CMakeFiles/cmTC_d667d.dir/src.cxx.o -c /home/autonaut/dune_all/dune/CMakeFiles/CMakeTmp/src.cxx
/home/autonaut/dune_all/dune/CMakeFiles/CMakeTmp/src.cxx:2:2: error: #error undefined macro
 #error undefined macro
  ^
CMakeFiles/cmTC_d667d.dir/build.make:65: recipe for target 'CMakeFiles/cmTC_d667d.dir/src.cxx.o' failed
make[1]: *** [CMakeFiles/cmTC_d667d.dir/src.cxx.o] Error 1
make[1]: Leaving directory '/home/autonaut/dune_all/dune/CMakeFiles/CMakeTmp'
Makefile:126: recipe for target 'cmTC_d667d/fast' failed
make: *** [cmTC_d667d/fast] Error 2

Source file was:
#if !defined(__geode__)
#error undefined macro
#endif
int main(void){return 0;}
Determining if the __ANDROID__ exist failed with the following output:
Change Dir: /home/autonaut/dune_all/dune/CMakeFiles/CMakeTmp

Run Build Command:"/usr/bin/make" "cmTC_6366b/fast"
/usr/bin/make -f CMakeFiles/cmTC_6366b.dir/build.make CMakeFiles/cmTC_6366b.dir/build
make[1]: Entering directory '/home/autonaut/dune_all/dune/CMakeFiles/CMakeTmp'
Building C object CMakeFiles/cmTC_6366b.dir/CheckSymbolExists.c.o
/usr/bin/cc     -o CMakeFiles/cmTC_6366b.dir/CheckSymbolExists.c.o   -c /home/autonaut/dune_all/dune/CMakeFiles/CMakeTmp/CheckSymbolExists.c
/home/autonaut/dune_all/dune/CMakeFiles/CMakeTmp/CheckSymbolExists.c: In function ‘main’:
/home/autonaut/dune_all/dune/CMakeFiles/CMakeTmp/CheckSymbolExists.c:8:19: error: ‘__ANDROID__’ undeclared (first use in this function)
   return ((int*)(&__ANDROID__))[argc];
                   ^
/home/autonaut/dune_all/dune/CMakeFiles/CMakeTmp/CheckSymbolExists.c:8:19: note: each undeclared identifier is reported only once for each function it appears in
CMakeFiles/cmTC_6366b.dir/build.make:65: recipe for target 'CMakeFiles/cmTC_6366b.dir/CheckSymbolExists.c.o' failed
make[1]: *** [CMakeFiles/cmTC_6366b.dir/CheckSymbolExists.c.o] Error 1
make[1]: Leaving directory '/home/autonaut/dune_all/dune/CMakeFiles/CMakeTmp'
Makefile:126: recipe for target 'cmTC_6366b/fast' failed
make: *** [cmTC_6366b/fast] Error 2

File /home/autonaut/dune_all/dune/CMakeFiles/CMakeTmp/CheckSymbolExists.c:
/* */
#include <stdio.h>

int main(int argc, char** argv)
{
  (void)argv;
#ifndef __ANDROID__
  return ((int*)(&__ANDROID__))[argc];
#else
  (void)argc;
  return 0;
#endif
}

Performing C++ SOURCE FILE Test OS_LINUX24 failed with the following output:
Change Dir: /home/autonaut/dune_all/dune/CMakeFiles/CMakeTmp

Run Build Command:"/usr/bin/make" "cmTC_58325/fast"
/usr/bin/make -f CMakeFiles/cmTC_58325.dir/build.make CMakeFiles/cmTC_58325.dir/build
make[1]: Entering directory '/home/autonaut/dune_all/dune/CMakeFiles/CMakeTmp'
Building CXX object CMakeFiles/cmTC_58325.dir/src.cxx.o
/usr/bin/c++     -DOS_LINUX24   -o CMakeFiles/cmTC_58325.dir/src.cxx.o -c /home/autonaut/dune_all/dune/CMakeFiles/CMakeTmp/src.cxx
/home/autonaut/dune_all/dune/CMakeFiles/CMakeTmp/src.cxx:4:4: error: #error Linux 2.5 or greater
 #  error Linux 2.5 or greater
    ^
CMakeFiles/cmTC_58325.dir/build.make:65: recipe for target 'CMakeFiles/cmTC_58325.dir/src.cxx.o' failed
make[1]: *** [CMakeFiles/cmTC_58325.dir/src.cxx.o] Error 1
make[1]: Leaving directory '/home/autonaut/dune_all/dune/CMakeFiles/CMakeTmp'
Makefile:126: recipe for target 'cmTC_58325/fast' failed
make: *** [cmTC_58325/fast] Error 2

Source file was:

#include <linux/version.h>
#if LINUX_VERSION_CODE >= KERNEL_VERSION(2, 5, 0)
#  error Linux 2.5 or greater
#endif

Performing C++ SOURCE FILE Test LLVM_LIBC failed with the following output:
Change Dir: /home/autonaut/dune_all/dune/CMakeFiles/CMakeTmp

Run Build Command:"/usr/bin/make" "cmTC_b2594/fast"
/usr/bin/make -f CMakeFiles/cmTC_b2594.dir/build.make CMakeFiles/cmTC_b2594.dir/build
make[1]: Entering directory '/home/autonaut/dune_all/dune/CMakeFiles/CMakeTmp'
Building CXX object CMakeFiles/cmTC_b2594.dir/src.cxx.o
/usr/bin/c++     -DLLVM_LIBC   -o CMakeFiles/cmTC_b2594.dir/src.cxx.o -c /home/autonaut/dune_all/dune/CMakeFiles/CMakeTmp/src.cxx
/home/autonaut/dune_all/dune/CMakeFiles/CMakeTmp/src.cxx: In function ‘int main()’:
/home/autonaut/dune_all/dune/CMakeFiles/CMakeTmp/src.cxx:2:26: error: ‘_LIBCPP_VERSION’ was not declared in this scope
  int main(void) { return _LIBCPP_VERSION; }
                          ^
CMakeFiles/cmTC_b2594.dir/build.make:65: recipe for target 'CMakeFiles/cmTC_b2594.dir/src.cxx.o' failed
make[1]: *** [CMakeFiles/cmTC_b2594.dir/src.cxx.o] Error 1
make[1]: Leaving directory '/home/autonaut/dune_all/dune/CMakeFiles/CMakeTmp'
Makefile:126: recipe for target 'cmTC_b2594/fast' failed
make: *** [cmTC_b2594/fast] Error 2

Source file was:
#include <cstddef>
 int main(void) { return _LIBCPP_VERSION; }
Determining if the __UCLIBC__ exist failed with the following output:
Change Dir: /home/autonaut/dune_all/dune/CMakeFiles/CMakeTmp

Run Build Command:"/usr/bin/make" "cmTC_bf4f7/fast"
/usr/bin/make -f CMakeFiles/cmTC_bf4f7.dir/build.make CMakeFiles/cmTC_bf4f7.dir/build
make[1]: Entering directory '/home/autonaut/dune_all/dune/CMakeFiles/CMakeTmp'
Building C object CMakeFiles/cmTC_bf4f7.dir/CheckSymbolExists.c.o
/usr/bin/cc     -o CMakeFiles/cmTC_bf4f7.dir/CheckSymbolExists.c.o   -c /home/autonaut/dune_all/dune/CMakeFiles/CMakeTmp/CheckSymbolExists.c
/home/autonaut/dune_all/dune/CMakeFiles/CMakeTmp/CheckSymbolExists.c: In function ‘main’:
/home/autonaut/dune_all/dune/CMakeFiles/CMakeTmp/CheckSymbolExists.c:8:19: error: ‘__UCLIBC__’ undeclared (first use in this function)
   return ((int*)(&__UCLIBC__))[argc];
                   ^
/home/autonaut/dune_all/dune/CMakeFiles/CMakeTmp/CheckSymbolExists.c:8:19: note: each undeclared identifier is reported only once for each function it appears in
CMakeFiles/cmTC_bf4f7.dir/build.make:65: recipe for target 'CMakeFiles/cmTC_bf4f7.dir/CheckSymbolExists.c.o' failed
make[1]: *** [CMakeFiles/cmTC_bf4f7.dir/CheckSymbolExists.c.o] Error 1
make[1]: Leaving directory '/home/autonaut/dune_all/dune/CMakeFiles/CMakeTmp'
Makefile:126: recipe for target 'cmTC_bf4f7/fast' failed
make: *** [cmTC_bf4f7/fast] Error 2

File /home/autonaut/dune_all/dune/CMakeFiles/CMakeTmp/CheckSymbolExists.c:
/* */
#include <stdio.h>

int main(int argc, char** argv)
{
  (void)argv;
#ifndef __UCLIBC__
  return ((int*)(&__UCLIBC__))[argc];
#else
  (void)argc;
  return 0;
#endif
}

Determining if the __BIONIC__ exist failed with the following output:
Change Dir: /home/autonaut/dune_all/dune/CMakeFiles/CMakeTmp

Run Build Command:"/usr/bin/make" "cmTC_0a6bc/fast"
/usr/bin/make -f CMakeFiles/cmTC_0a6bc.dir/build.make CMakeFiles/cmTC_0a6bc.dir/build
make[1]: Entering directory '/home/autonaut/dune_all/dune/CMakeFiles/CMakeTmp'
Building C object CMakeFiles/cmTC_0a6bc.dir/CheckSymbolExists.c.o
/usr/bin/cc     -o CMakeFiles/cmTC_0a6bc.dir/CheckSymbolExists.c.o   -c /home/autonaut/dune_all/dune/CMakeFiles/CMakeTmp/CheckSymbolExists.c
/home/autonaut/dune_all/dune/CMakeFiles/CMakeTmp/CheckSymbolExists.c: In function ‘main’:
/home/autonaut/dune_all/dune/CMakeFiles/CMakeTmp/CheckSymbolExists.c:8:19: error: ‘__BIONIC__’ undeclared (first use in this function)
   return ((int*)(&__BIONIC__))[argc];
                   ^
/home/autonaut/dune_all/dune/CMakeFiles/CMakeTmp/CheckSymbolExists.c:8:19: note: each undeclared identifier is reported only once for each function it appears in
CMakeFiles/cmTC_0a6bc.dir/build.make:65: recipe for target 'CMakeFiles/cmTC_0a6bc.dir/CheckSymbolExists.c.o' failed
make[1]: *** [CMakeFiles/cmTC_0a6bc.dir/CheckSymbolExists.c.o] Error 1
make[1]: Leaving directory '/home/autonaut/dune_all/dune/CMakeFiles/CMakeTmp'
Makefile:126: recipe for target 'cmTC_0a6bc/fast' failed
make: *** [cmTC_0a6bc/fast] Error 2

File /home/autonaut/dune_all/dune/CMakeFiles/CMakeTmp/CheckSymbolExists.c:
/* */
#include <stdio.h>

int main(int argc, char** argv)
{
  (void)argv;
#ifndef __BIONIC__
  return ((int*)(&__BIONIC__))[argc];
#else
  (void)argc;
  return 0;
#endif
}

Determining if the function getch exists in the ws2_32 failed with the following output:
Change Dir: /home/autonaut/dune_all/dune/CMakeFiles/CMakeTmp

Run Build Command:"/usr/bin/make" "cmTC_94a41/fast"
/usr/bin/make -f CMakeFiles/cmTC_94a41.dir/build.make CMakeFiles/cmTC_94a41.dir/build
make[1]: Entering directory '/home/autonaut/dune_all/dune/CMakeFiles/CMakeTmp'
Building C object CMakeFiles/cmTC_94a41.dir/CheckFunctionExists.c.o
/usr/bin/cc    -DCHECK_FUNCTION_EXISTS=getch   -o CMakeFiles/cmTC_94a41.dir/CheckFunctionExists.c.o   -c /usr/share/cmake-3.5/Modules/CheckFunctionExists.c
Linking C executable cmTC_94a41
/usr/bin/cmake -E cmake_link_script CMakeFiles/cmTC_94a41.dir/link.txt --verbose=1
/usr/bin/cc   -DCHECK_FUNCTION_EXISTS=getch    CMakeFiles/cmTC_94a41.dir/CheckFunctionExists.c.o  -o cmTC_94a41 -rdynamic -lws2_32 -lrt 
/usr/bin/ld: cannot find -lws2_32
collect2: error: ld returned 1 exit status
CMakeFiles/cmTC_94a41.dir/build.make:97: recipe for target 'cmTC_94a41' failed
make[1]: *** [cmTC_94a41] Error 1
make[1]: Leaving directory '/home/autonaut/dune_all/dune/CMakeFiles/CMakeTmp'
Makefile:126: recipe for target 'cmTC_94a41/fast' failed
make: *** [cmTC_94a41/fast] Error 2


Determining if the function getch exists in the wsock32 failed with the following output:
Change Dir: /home/autonaut/dune_all/dune/CMakeFiles/CMakeTmp

Run Build Command:"/usr/bin/make" "cmTC_6e8b7/fast"
/usr/bin/make -f CMakeFiles/cmTC_6e8b7.dir/build.make CMakeFiles/cmTC_6e8b7.dir/build
make[1]: Entering directory '/home/autonaut/dune_all/dune/CMakeFiles/CMakeTmp'
Building C object CMakeFiles/cmTC_6e8b7.dir/CheckFunctionExists.c.o
/usr/bin/cc    -DCHECK_FUNCTION_EXISTS=getch   -o CMakeFiles/cmTC_6e8b7.dir/CheckFunctionExists.c.o   -c /usr/share/cmake-3.5/Modules/CheckFunctionExists.c
Linking C executable cmTC_6e8b7
/usr/bin/cmake -E cmake_link_script CMakeFiles/cmTC_6e8b7.dir/link.txt --verbose=1
/usr/bin/cc   -DCHECK_FUNCTION_EXISTS=getch    CMakeFiles/cmTC_6e8b7.dir/CheckFunctionExists.c.o  -o cmTC_6e8b7 -rdynamic -lwsock32 -lrt 
/usr/bin/ld: cannot find -lwsock32
collect2: error: ld returned 1 exit status
CMakeFiles/cmTC_6e8b7.dir/build.make:97: recipe for target 'cmTC_6e8b7' failed
make[1]: *** [cmTC_6e8b7] Error 1
make[1]: Leaving directory '/home/autonaut/dune_all/dune/CMakeFiles/CMakeTmp'
Makefile:126: recipe for target 'cmTC_6e8b7/fast' failed
make: *** [cmTC_6e8b7/fast] Error 2


Determining if the function getch exists in the iphlpapi failed with the following output:
Change Dir: /home/autonaut/dune_all/dune/CMakeFiles/CMakeTmp

Run Build Command:"/usr/bin/make" "cmTC_d19ee/fast"
/usr/bin/make -f CMakeFiles/cmTC_d19ee.dir/build.make CMakeFiles/cmTC_d19ee.dir/build
make[1]: Entering directory '/home/autonaut/dune_all/dune/CMakeFiles/CMakeTmp'
Building C object CMakeFiles/cmTC_d19ee.dir/CheckFunctionExists.c.o
/usr/bin/cc    -DCHECK_FUNCTION_EXISTS=getch   -o CMakeFiles/cmTC_d19ee.dir/CheckFunctionExists.c.o   -c /usr/share/cmake-3.5/Modules/CheckFunctionExists.c
Linking C executable cmTC_d19ee
/usr/bin/cmake -E cmake_link_script CMakeFiles/cmTC_d19ee.dir/link.txt --verbose=1
/usr/bin/cc   -DCHECK_FUNCTION_EXISTS=getch    CMakeFiles/cmTC_d19ee.dir/CheckFunctionExists.c.o  -o cmTC_d19ee -rdynamic -liphlpapi -lrt 
/usr/bin/ld: cannot find -liphlpapi
collect2: error: ld returned 1 exit status
CMakeFiles/cmTC_d19ee.dir/build.make:97: recipe for target 'cmTC_d19ee' failed
make[1]: *** [cmTC_d19ee] Error 1
make[1]: Leaving directory '/home/autonaut/dune_all/dune/CMakeFiles/CMakeTmp'
Makefile:126: recipe for target 'cmTC_d19ee/fast' failed
make: *** [cmTC_d19ee/fast] Error 2


Determining if the function setsockopt exists in the socket failed with the following output:
Change Dir: /home/autonaut/dune_all/dune/CMakeFiles/CMakeTmp

Run Build Command:"/usr/bin/make" "cmTC_725c6/fast"
/usr/bin/make -f CMakeFiles/cmTC_725c6.dir/build.make CMakeFiles/cmTC_725c6.dir/build
make[1]: Entering directory '/home/autonaut/dune_all/dune/CMakeFiles/CMakeTmp'
Building C object CMakeFiles/cmTC_725c6.dir/CheckFunctionExists.c.o
/usr/bin/cc    -DCHECK_FUNCTION_EXISTS=setsockopt   -o CMakeFiles/cmTC_725c6.dir/CheckFunctionExists.c.o   -c /usr/share/cmake-3.5/Modules/CheckFunctionExists.c
Linking C executable cmTC_725c6
/usr/bin/cmake -E cmake_link_script CMakeFiles/cmTC_725c6.dir/link.txt --verbose=1
/usr/bin/cc   -DCHECK_FUNCTION_EXISTS=setsockopt    CMakeFiles/cmTC_725c6.dir/CheckFunctionExists.c.o  -o cmTC_725c6 -rdynamic -lsocket -lrt 
/usr/bin/ld: cannot find -lsocket
collect2: error: ld returned 1 exit status
CMakeFiles/cmTC_725c6.dir/build.make:97: recipe for target 'cmTC_725c6' failed
make[1]: *** [cmTC_725c6] Error 1
make[1]: Leaving directory '/home/autonaut/dune_all/dune/CMakeFiles/CMakeTmp'
Makefile:126: recipe for target 'cmTC_725c6/fast' failed
make: *** [cmTC_725c6/fast] Error 2


Determining if the function inet_addr exists in the xnet failed with the following output:
Change Dir: /home/autonaut/dune_all/dune/CMakeFiles/CMakeTmp

Run Build Command:"/usr/bin/make" "cmTC_7fe33/fast"
/usr/bin/make -f CMakeFiles/cmTC_7fe33.dir/build.make CMakeFiles/cmTC_7fe33.dir/build
make[1]: Entering directory '/home/autonaut/dune_all/dune/CMakeFiles/CMakeTmp'
Building C object CMakeFiles/cmTC_7fe33.dir/CheckFunctionExists.c.o
/usr/bin/cc    -DCHECK_FUNCTION_EXISTS=inet_addr   -o CMakeFiles/cmTC_7fe33.dir/CheckFunctionExists.c.o   -c /usr/share/cmake-3.5/Modules/CheckFunctionExists.c
Linking C executable cmTC_7fe33
/usr/bin/cmake -E cmake_link_script CMakeFiles/cmTC_7fe33.dir/link.txt --verbose=1
/usr/bin/cc   -DCHECK_FUNCTION_EXISTS=inet_addr    CMakeFiles/cmTC_7fe33.dir/CheckFunctionExists.c.o  -o cmTC_7fe33 -rdynamic -lxnet -lrt -lpthread -lm 
/usr/bin/ld: cannot find -lxnet
collect2: error: ld returned 1 exit status
CMakeFiles/cmTC_7fe33.dir/build.make:97: recipe for target 'cmTC_7fe33' failed
make[1]: *** [cmTC_7fe33] Error 1
make[1]: Leaving directory '/home/autonaut/dune_all/dune/CMakeFiles/CMakeTmp'
Makefile:126: recipe for target 'cmTC_7fe33/fast' failed
make: *** [cmTC_7fe33/fast] Error 2


Determining if the function gettext exists in the intl failed with the following output:
Change Dir: /home/autonaut/dune_all/dune/CMakeFiles/CMakeTmp

Run Build Command:"/usr/bin/make" "cmTC_e3fa5/fast"
/usr/bin/make -f CMakeFiles/cmTC_e3fa5.dir/build.make CMakeFiles/cmTC_e3fa5.dir/build
make[1]: Entering directory '/home/autonaut/dune_all/dune/CMakeFiles/CMakeTmp'
Building C object CMakeFiles/cmTC_e3fa5.dir/CheckFunctionExists.c.o
/usr/bin/cc    -DCHECK_FUNCTION_EXISTS=gettext   -o CMakeFiles/cmTC_e3fa5.dir/CheckFunctionExists.c.o   -c /usr/share/cmake-3.5/Modules/CheckFunctionExists.c
<command-line>:0:23: warning: conflicting types for built-in function ‘gettext’
/usr/share/cmake-3.5/Modules/CheckFunctionExists.c:6:6: note: in expansion of macro ‘CHECK_FUNCTION_EXISTS’
 char CHECK_FUNCTION_EXISTS();
      ^
Linking C executable cmTC_e3fa5
/usr/bin/cmake -E cmake_link_script CMakeFiles/cmTC_e3fa5.dir/link.txt --verbose=1
/usr/bin/cc   -DCHECK_FUNCTION_EXISTS=gettext    CMakeFiles/cmTC_e3fa5.dir/CheckFunctionExists.c.o  -o cmTC_e3fa5 -rdynamic -lintl -lrt -lpthread -lm -lnsl -ldl 
/usr/bin/ld: cannot find -lintl
collect2: error: ld returned 1 exit status
CMakeFiles/cmTC_e3fa5.dir/build.make:97: recipe for target 'cmTC_e3fa5' failed
make[1]: *** [cmTC_e3fa5] Error 1
make[1]: Leaving directory '/home/autonaut/dune_all/dune/CMakeFiles/CMakeTmp'
Makefile:126: recipe for target 'cmTC_e3fa5/fast' failed
make: *** [cmTC_e3fa5/fast] Error 2


Determining if the include file devctl.h exists failed with the following output:
Change Dir: /home/autonaut/dune_all/dune/CMakeFiles/CMakeTmp

Run Build Command:"/usr/bin/make" "cmTC_7c26b/fast"
/usr/bin/make -f CMakeFiles/cmTC_7c26b.dir/build.make CMakeFiles/cmTC_7c26b.dir/build
make[1]: Entering directory '/home/autonaut/dune_all/dune/CMakeFiles/CMakeTmp'
Building CXX object CMakeFiles/cmTC_7c26b.dir/CheckIncludeFile.cxx.o
/usr/bin/c++      -o CMakeFiles/cmTC_7c26b.dir/CheckIncludeFile.cxx.o -c /home/autonaut/dune_all/dune/CMakeFiles/CMakeTmp/CheckIncludeFile.cxx
/home/autonaut/dune_all/dune/CMakeFiles/CMakeTmp/CheckIncludeFile.cxx:1:20: fatal error: devctl.h: No such file or directory
compilation terminated.
CMakeFiles/cmTC_7c26b.dir/build.make:65: recipe for target 'CMakeFiles/cmTC_7c26b.dir/CheckIncludeFile.cxx.o' failed
make[1]: *** [CMakeFiles/cmTC_7c26b.dir/CheckIncludeFile.cxx.o] Error 1
make[1]: Leaving directory '/home/autonaut/dune_all/dune/CMakeFiles/CMakeTmp'
Makefile:126: recipe for target 'cmTC_7c26b/fast' failed
make: *** [cmTC_7c26b/fast] Error 2


Determining if the include file windows.h exists failed with the following output:
Change Dir: /home/autonaut/dune_all/dune/CMakeFiles/CMakeTmp

Run Build Command:"/usr/bin/make" "cmTC_a07c7/fast"
/usr/bin/make -f CMakeFiles/cmTC_a07c7.dir/build.make CMakeFiles/cmTC_a07c7.dir/build
make[1]: Entering directory '/home/autonaut/dune_all/dune/CMakeFiles/CMakeTmp'
Building CXX object CMakeFiles/cmTC_a07c7.dir/CheckIncludeFile.cxx.o
/usr/bin/c++      -o CMakeFiles/cmTC_a07c7.dir/CheckIncludeFile.cxx.o -c /home/autonaut/dune_all/dune/CMakeFiles/CMakeTmp/CheckIncludeFile.cxx
/home/autonaut/dune_all/dune/CMakeFiles/CMakeTmp/CheckIncludeFile.cxx:1:21: fatal error: windows.h: No such file or directory
compilation terminated.
CMakeFiles/cmTC_a07c7.dir/build.make:65: recipe for target 'CMakeFiles/cmTC_a07c7.dir/CheckIncludeFile.cxx.o' failed
make[1]: *** [CMakeFiles/cmTC_a07c7.dir/CheckIncludeFile.cxx.o] Error 1
make[1]: Leaving directory '/home/autonaut/dune_all/dune/CMakeFiles/CMakeTmp'
Makefile:126: recipe for target 'cmTC_a07c7/fast' failed
make: *** [cmTC_a07c7/fast] Error 2


Determining if the include file direct.h exists failed with the following output:
Change Dir: /home/autonaut/dune_all/dune/CMakeFiles/CMakeTmp

Run Build Command:"/usr/bin/make" "cmTC_4dd81/fast"
/usr/bin/make -f CMakeFiles/cmTC_4dd81.dir/build.make CMakeFiles/cmTC_4dd81.dir/build
make[1]: Entering directory '/home/autonaut/dune_all/dune/CMakeFiles/CMakeTmp'
Building CXX object CMakeFiles/cmTC_4dd81.dir/CheckIncludeFile.cxx.o
/usr/bin/c++      -o CMakeFiles/cmTC_4dd81.dir/CheckIncludeFile.cxx.o -c /home/autonaut/dune_all/dune/CMakeFiles/CMakeTmp/CheckIncludeFile.cxx
/home/autonaut/dune_all/dune/CMakeFiles/CMakeTmp/CheckIncludeFile.cxx:1:20: fatal error: direct.h: No such file or directory
compilation terminated.
CMakeFiles/cmTC_4dd81.dir/build.make:65: recipe for target 'CMakeFiles/cmTC_4dd81.dir/CheckIncludeFile.cxx.o' failed
make[1]: *** [CMakeFiles/cmTC_4dd81.dir/CheckIncludeFile.cxx.o] Error 1
make[1]: Leaving directory '/home/autonaut/dune_all/dune/CMakeFiles/CMakeTmp'
Makefile:126: recipe for target 'cmTC_4dd81/fast' failed
make: *** [cmTC_4dd81/fast] Error 2


Determining if the include file winsock2.h exists failed with the following output:
Change Dir: /home/autonaut/dune_all/dune/CMakeFiles/CMakeTmp

Run Build Command:"/usr/bin/make" "cmTC_7b2a7/fast"
/usr/bin/make -f CMakeFiles/cmTC_7b2a7.dir/build.make CMakeFiles/cmTC_7b2a7.dir/build
make[1]: Entering directory '/home/autonaut/dune_all/dune/CMakeFiles/CMakeTmp'
Building CXX object CMakeFiles/cmTC_7b2a7.dir/CheckIncludeFile.cxx.o
/usr/bin/c++      -o CMakeFiles/cmTC_7b2a7.dir/CheckIncludeFile.cxx.o -c /home/autonaut/dune_all/dune/CMakeFiles/CMakeTmp/CheckIncludeFile.cxx
/home/autonaut/dune_all/dune/CMakeFiles/CMakeTmp/CheckIncludeFile.cxx:1:22: fatal error: winsock2.h: No such file or directory
compilation terminated.
CMakeFiles/cmTC_7b2a7.dir/build.make:65: recipe for target 'CMakeFiles/cmTC_7b2a7.dir/CheckIncludeFile.cxx.o' failed
make[1]: *** [CMakeFiles/cmTC_7b2a7.dir/CheckIncludeFile.cxx.o] Error 1
make[1]: Leaving directory '/home/autonaut/dune_all/dune/CMakeFiles/CMakeTmp'
Makefile:126: recipe for target 'cmTC_7b2a7/fast' failed
make: *** [cmTC_7b2a7/fast] Error 2


Determining if the include file mach-o/dyld.h exists failed with the following output:
Change Dir: /home/autonaut/dune_all/dune/CMakeFiles/CMakeTmp

Run Build Command:"/usr/bin/make" "cmTC_0b83a/fast"
/usr/bin/make -f CMakeFiles/cmTC_0b83a.dir/build.make CMakeFiles/cmTC_0b83a.dir/build
make[1]: Entering directory '/home/autonaut/dune_all/dune/CMakeFiles/CMakeTmp'
Building CXX object CMakeFiles/cmTC_0b83a.dir/CheckIncludeFile.cxx.o
/usr/bin/c++      -o CMakeFiles/cmTC_0b83a.dir/CheckIncludeFile.cxx.o -c /home/autonaut/dune_all/dune/CMakeFiles/CMakeTmp/CheckIncludeFile.cxx
/home/autonaut/dune_all/dune/CMakeFiles/CMakeTmp/CheckIncludeFile.cxx:1:25: fatal error: mach-o/dyld.h: No such file or directory
compilation terminated.
CMakeFiles/cmTC_0b83a.dir/build.make:65: recipe for target 'CMakeFiles/cmTC_0b83a.dir/CheckIncludeFile.cxx.o' failed
make[1]: *** [CMakeFiles/cmTC_0b83a.dir/CheckIncludeFile.cxx.o] Error 1
make[1]: Leaving directory '/home/autonaut/dune_all/dune/CMakeFiles/CMakeTmp'
Makefile:126: recipe for target 'cmTC_0b83a/fast' failed
make: *** [cmTC_0b83a/fast] Error 2


Determining if the include file process.h exists failed with the following output:
Change Dir: /home/autonaut/dune_all/dune/CMakeFiles/CMakeTmp

Run Build Command:"/usr/bin/make" "cmTC_06852/fast"
/usr/bin/make -f CMakeFiles/cmTC_06852.dir/build.make CMakeFiles/cmTC_06852.dir/build
make[1]: Entering directory '/home/autonaut/dune_all/dune/CMakeFiles/CMakeTmp'
Building CXX object CMakeFiles/cmTC_06852.dir/CheckIncludeFile.cxx.o
/usr/bin/c++      -o CMakeFiles/cmTC_06852.dir/CheckIncludeFile.cxx.o -c /home/autonaut/dune_all/dune/CMakeFiles/CMakeTmp/CheckIncludeFile.cxx
/home/autonaut/dune_all/dune/CMakeFiles/CMakeTmp/CheckIncludeFile.cxx:1:21: fatal error: process.h: No such file or directory
compilation terminated.
CMakeFiles/cmTC_06852.dir/build.make:65: recipe for target 'CMakeFiles/cmTC_06852.dir/CheckIncludeFile.cxx.o' failed
make[1]: *** [CMakeFiles/cmTC_06852.dir/CheckIncludeFile.cxx.o] Error 1
make[1]: Leaving directory '/home/autonaut/dune_all/dune/CMakeFiles/CMakeTmp'
Makefile:126: recipe for target 'cmTC_06852/fast' failed
make: *** [cmTC_06852/fast] Error 2


Determining if the include file bsp.h exists failed with the following output:
Change Dir: /home/autonaut/dune_all/dune/CMakeFiles/CMakeTmp

Run Build Command:"/usr/bin/make" "cmTC_25bcf/fast"
/usr/bin/make -f CMakeFiles/cmTC_25bcf.dir/build.make CMakeFiles/cmTC_25bcf.dir/build
make[1]: Entering directory '/home/autonaut/dune_all/dune/CMakeFiles/CMakeTmp'
Building CXX object CMakeFiles/cmTC_25bcf.dir/CheckIncludeFile.cxx.o
/usr/bin/c++      -o CMakeFiles/cmTC_25bcf.dir/CheckIncludeFile.cxx.o -c /home/autonaut/dune_all/dune/CMakeFiles/CMakeTmp/CheckIncludeFile.cxx
/home/autonaut/dune_all/dune/CMakeFiles/CMakeTmp/CheckIncludeFile.cxx:1:17: fatal error: bsp.h: No such file or directory
compilation terminated.
CMakeFiles/cmTC_25bcf.dir/build.make:65: recipe for target 'CMakeFiles/cmTC_25bcf.dir/CheckIncludeFile.cxx.o' failed
make[1]: *** [CMakeFiles/cmTC_25bcf.dir/CheckIncludeFile.cxx.o] Error 1
make[1]: Leaving directory '/home/autonaut/dune_all/dune/CMakeFiles/CMakeTmp'
Makefile:126: recipe for target 'cmTC_25bcf/fast' failed
make: *** [cmTC_25bcf/fast] Error 2


Performing C++ SOURCE FILE Test DUNE_SYS_HAS_TIMEPPS_H failed with the following output:
Change Dir: /home/autonaut/dune_all/dune/CMakeFiles/CMakeTmp

Run Build Command:"/usr/bin/make" "cmTC_a3505/fast"
/usr/bin/make -f CMakeFiles/cmTC_a3505.dir/build.make CMakeFiles/cmTC_a3505.dir/build
make[1]: Entering directory '/home/autonaut/dune_all/dune/CMakeFiles/CMakeTmp'
Building CXX object CMakeFiles/cmTC_a3505.dir/src.cxx.o
/usr/bin/c++     -DDUNE_SYS_HAS_TIMEPPS_H   -o CMakeFiles/cmTC_a3505.dir/src.cxx.o -c /home/autonaut/dune_all/dune/CMakeFiles/CMakeTmp/src.cxx
/home/autonaut/dune_all/dune/CMakeFiles/CMakeTmp/src.cxx:3:21: fatal error: timepps.h: No such file or directory
compilation terminated.
CMakeFiles/cmTC_a3505.dir/build.make:65: recipe for target 'CMakeFiles/cmTC_a3505.dir/src.cxx.o' failed
make[1]: *** [CMakeFiles/cmTC_a3505.dir/src.cxx.o] Error 1
make[1]: Leaving directory '/home/autonaut/dune_all/dune/CMakeFiles/CMakeTmp'
Makefile:126: recipe for target 'cmTC_a3505/fast' failed
make: *** [cmTC_a3505/fast] Error 2

Source file was:
#include <unistd.h>

#include <timepps.h>
int main(void){ return 0; }

Performing C++ SOURCE FILE Test DUNE_SYS_HAS_IPHLPAPI_H failed with the following output:
Change Dir: /home/autonaut/dune_all/dune/CMakeFiles/CMakeTmp

Run Build Command:"/usr/bin/make" "cmTC_bc00e/fast"
/usr/bin/make -f CMakeFiles/cmTC_bc00e.dir/build.make CMakeFiles/cmTC_bc00e.dir/build
make[1]: Entering directory '/home/autonaut/dune_all/dune/CMakeFiles/CMakeTmp'
Building CXX object CMakeFiles/cmTC_bc00e.dir/src.cxx.o
/usr/bin/c++     -DDUNE_SYS_HAS_IPHLPAPI_H   -o CMakeFiles/cmTC_bc00e.dir/src.cxx.o -c /home/autonaut/dune_all/dune/CMakeFiles/CMakeTmp/src.cxx
/home/autonaut/dune_all/dune/CMakeFiles/CMakeTmp/src.cxx:2:22: fatal error: iphlpapi.h: No such file or directory
compilation terminated.
CMakeFiles/cmTC_bc00e.dir/build.make:65: recipe for target 'CMakeFiles/cmTC_bc00e.dir/src.cxx.o' failed
make[1]: *** [CMakeFiles/cmTC_bc00e.dir/src.cxx.o] Error 1
make[1]: Leaving directory '/home/autonaut/dune_all/dune/CMakeFiles/CMakeTmp'
Makefile:126: recipe for target 'cmTC_bc00e/fast' failed
make: *** [cmTC_bc00e/fast] Error 2

Source file was:

#include <iphlpapi.h>
int main(void){ return 0; }

Performing C++ SOURCE FILE Test DUNE_SYS_HAS_WS2TCPIP_H failed with the following output:
Change Dir: /home/autonaut/dune_all/dune/CMakeFiles/CMakeTmp

Run Build Command:"/usr/bin/make" "cmTC_4ac31/fast"
/usr/bin/make -f CMakeFiles/cmTC_4ac31.dir/build.make CMakeFiles/cmTC_4ac31.dir/build
make[1]: Entering directory '/home/autonaut/dune_all/dune/CMakeFiles/CMakeTmp'
Building CXX object CMakeFiles/cmTC_4ac31.dir/src.cxx.o
/usr/bin/c++     -DDUNE_SYS_HAS_WS2TCPIP_H   -o CMakeFiles/cmTC_4ac31.dir/src.cxx.o -c /home/autonaut/dune_all/dune/CMakeFiles/CMakeTmp/src.cxx
/home/autonaut/dune_all/dune/CMakeFiles/CMakeTmp/src.cxx:2:22: fatal error: ws2tcpip.h: No such file or directory
compilation terminated.
CMakeFiles/cmTC_4ac31.dir/build.make:65: recipe for target 'CMakeFiles/cmTC_4ac31.dir/src.cxx.o' failed
make[1]: *** [CMakeFiles/cmTC_4ac31.dir/src.cxx.o] Error 1
make[1]: Leaving directory '/home/autonaut/dune_all/dune/CMakeFiles/CMakeTmp'
Makefile:126: recipe for target 'cmTC_4ac31/fast' failed
make: *** [cmTC_4ac31/fast] Error 2

Source file was:

#include <ws2tcpip.h>
int main(void){ return 0; }

Performing C++ SOURCE FILE Test DUNE_SYS_HAS_WS2SPI_H failed with the following output:
Change Dir: /home/autonaut/dune_all/dune/CMakeFiles/CMakeTmp

Run Build Command:"/usr/bin/make" "cmTC_d6f9c/fast"
/usr/bin/make -f CMakeFiles/cmTC_d6f9c.dir/build.make CMakeFiles/cmTC_d6f9c.dir/build
make[1]: Entering directory '/home/autonaut/dune_all/dune/CMakeFiles/CMakeTmp'
Building CXX object CMakeFiles/cmTC_d6f9c.dir/src.cxx.o
/usr/bin/c++     -DDUNE_SYS_HAS_WS2SPI_H   -o CMakeFiles/cmTC_d6f9c.dir/src.cxx.o -c /home/autonaut/dune_all/dune/CMakeFiles/CMakeTmp/src.cxx
/home/autonaut/dune_all/dune/CMakeFiles/CMakeTmp/src.cxx:2:20: fatal error: ws2spi.h: No such file or directory
compilation terminated.
CMakeFiles/cmTC_d6f9c.dir/build.make:65: recipe for target 'CMakeFiles/cmTC_d6f9c.dir/src.cxx.o' failed
make[1]: *** [CMakeFiles/cmTC_d6f9c.dir/src.cxx.o] Error 1
make[1]: Leaving directory '/home/autonaut/dune_all/dune/CMakeFiles/CMakeTmp'
Makefile:126: recipe for target 'cmTC_d6f9c/fast' failed
make: *** [cmTC_d6f9c/fast] Error 2

Source file was:

#include <ws2spi.h>
int main(void){ return 0; }

Performing C++ SOURCE FILE Test DUNE_SYS_HAS_STRNCPY_S failed with the following output:
Change Dir: /home/autonaut/dune_all/dune/CMakeFiles/CMakeTmp

Run Build Command:"/usr/bin/make" "cmTC_60fbe/fast"
/usr/bin/make -f CMakeFiles/cmTC_60fbe.dir/build.make CMakeFiles/cmTC_60fbe.dir/build
make[1]: Entering directory '/home/autonaut/dune_all/dune/CMakeFiles/CMakeTmp'
Building CXX object CMakeFiles/cmTC_60fbe.dir/src.cxx.o
/usr/bin/c++     -DDUNE_SYS_HAS_STRNCPY_S -Wall -Wshadow -pedantic   -o CMakeFiles/cmTC_60fbe.dir/src.cxx.o -c /home/autonaut/dune_all/dune/CMakeFiles/CMakeTmp/src.cxx
/home/autonaut/dune_all/dune/CMakeFiles/CMakeTmp/src.cxx: In function ‘int main()’:
/home/autonaut/dune_all/dune/CMakeFiles/CMakeTmp/src.cxx:4:1: error: ‘size_t’ was not declared in this scope
 size_t xx;
 ^
/home/autonaut/dune_all/dune/CMakeFiles/CMakeTmp/src.cxx:6:8: error: expected ‘;’ before ‘xxxx’
 size_t xxxx;
        ^
/home/autonaut/dune_all/dune/CMakeFiles/CMakeTmp/src.cxx:8:2: error: ‘errno_t’ was not declared in this scope
  errno_t rv = strncpy_s(&x, xx, &xxx, xxxx);
  ^
/home/autonaut/dune_all/dune/CMakeFiles/CMakeTmp/src.cxx:3:6: warning: unused variable ‘x’ [-Wunused-variable]
 char x;
      ^
/home/autonaut/dune_all/dune/CMakeFiles/CMakeTmp/src.cxx:5:6: warning: unused variable ‘xxx’ [-Wunused-variable]
 char xxx;
      ^
CMakeFiles/cmTC_60fbe.dir/build.make:65: recipe for target 'CMakeFiles/cmTC_60fbe.dir/src.cxx.o' failed
make[1]: *** [CMakeFiles/cmTC_60fbe.dir/src.cxx.o] Error 1
make[1]: Leaving directory '/home/autonaut/dune_all/dune/CMakeFiles/CMakeTmp'
Makefile:126: recipe for target 'cmTC_60fbe/fast' failed
make: *** [cmTC_60fbe/fast] Error 2

Source file was:

int main(void) {
char x;
size_t xx;
char xxx;
size_t xxxx;

 errno_t rv = strncpy_s(&x, xx, &xxx, xxxx);
return 0;
}

Performing C++ SOURCE FILE Test DUNE_SYS_HAS_VSNPRINTF_S failed with the following output:
Change Dir: /home/autonaut/dune_all/dune/CMakeFiles/CMakeTmp

Run Build Command:"/usr/bin/make" "cmTC_18852/fast"
/usr/bin/make -f CMakeFiles/cmTC_18852.dir/build.make CMakeFiles/cmTC_18852.dir/build
make[1]: Entering directory '/home/autonaut/dune_all/dune/CMakeFiles/CMakeTmp'
Building CXX object CMakeFiles/cmTC_18852.dir/src.cxx.o
/usr/bin/c++     -DDUNE_SYS_HAS_VSNPRINTF_S -Wall -Wshadow -pedantic   -o CMakeFiles/cmTC_18852.dir/src.cxx.o -c /home/autonaut/dune_all/dune/CMakeFiles/CMakeTmp/src.cxx
/home/autonaut/dune_all/dune/CMakeFiles/CMakeTmp/src.cxx: In function ‘int main()’:
/home/autonaut/dune_all/dune/CMakeFiles/CMakeTmp/src.cxx:4:1: error: ‘size_t’ was not declared in this scope
 size_t xx;
 ^
/home/autonaut/dune_all/dune/CMakeFiles/CMakeTmp/src.cxx:5:8: error: expected ‘;’ before ‘xxx’
 size_t xxx;
        ^
/home/autonaut/dune_all/dune/CMakeFiles/CMakeTmp/src.cxx:7:2: error: ‘va_list’ was not declared in this scope
  va_list xxxxx;
  ^
/home/autonaut/dune_all/dune/CMakeFiles/CMakeTmp/src.cxx:9:27: error: ‘xx’ was not declared in this scope
  int rv = vsnprintf_s(&x, xx, xxx, &xxxx, xxxxx);
                           ^
/home/autonaut/dune_all/dune/CMakeFiles/CMakeTmp/src.cxx:9:31: error: ‘xxx’ was not declared in this scope
  int rv = vsnprintf_s(&x, xx, xxx, &xxxx, xxxxx);
                               ^
/home/autonaut/dune_all/dune/CMakeFiles/CMakeTmp/src.cxx:9:43: error: ‘xxxxx’ was not declared in this scope
  int rv = vsnprintf_s(&x, xx, xxx, &xxxx, xxxxx);
                                           ^
/home/autonaut/dune_all/dune/CMakeFiles/CMakeTmp/src.cxx:9:48: error: ‘vsnprintf_s’ was not declared in this scope
  int rv = vsnprintf_s(&x, xx, xxx, &xxxx, xxxxx);
                                                ^
/home/autonaut/dune_all/dune/CMakeFiles/CMakeTmp/src.cxx:9:6: warning: unused variable ‘rv’ [-Wunused-variable]
  int rv = vsnprintf_s(&x, xx, xxx, &xxxx, xxxxx);
      ^
CMakeFiles/cmTC_18852.dir/build.make:65: recipe for target 'CMakeFiles/cmTC_18852.dir/src.cxx.o' failed
make[1]: *** [CMakeFiles/cmTC_18852.dir/src.cxx.o] Error 1
make[1]: Leaving directory '/home/autonaut/dune_all/dune/CMakeFiles/CMakeTmp'
Makefile:126: recipe for target 'cmTC_18852/fast' failed
make: *** [cmTC_18852/fast] Error 2

Source file was:

int main(void) {
char x;
size_t xx;
size_t xxx;
char xxxx;
 va_list xxxxx;

 int rv = vsnprintf_s(&x, xx, xxx, &xxxx, xxxxx);
return 0;
}

Performing C++ SOURCE FILE Test DUNE_SYS_HAS_CLOSESOCKET failed with the following output:
Change Dir: /home/autonaut/dune_all/dune/CMakeFiles/CMakeTmp

Run Build Command:"/usr/bin/make" "cmTC_d7b9a/fast"
/usr/bin/make -f CMakeFiles/cmTC_d7b9a.dir/build.make CMakeFiles/cmTC_d7b9a.dir/build
make[1]: Entering directory '/home/autonaut/dune_all/dune/CMakeFiles/CMakeTmp'
Building CXX object CMakeFiles/cmTC_d7b9a.dir/src.cxx.o
/usr/bin/c++     -DDUNE_SYS_HAS_CLOSESOCKET -Wall -Wshadow -pedantic   -o CMakeFiles/cmTC_d7b9a.dir/src.cxx.o -c /home/autonaut/dune_all/dune/CMakeFiles/CMakeTmp/src.cxx
/home/autonaut/dune_all/dune/CMakeFiles/CMakeTmp/src.cxx: In function ‘int main()’:
/home/autonaut/dune_all/dune/CMakeFiles/CMakeTmp/src.cxx:3:1: error: ‘SOCKET’ was not declared in this scope
 SOCKET x;
 ^
/home/autonaut/dune_all/dune/CMakeFiles/CMakeTmp/src.cxx:5:23: error: ‘x’ was not declared in this scope
  int rv = closesocket(x);
                       ^
/home/autonaut/dune_all/dune/CMakeFiles/CMakeTmp/src.cxx:5:24: error: ‘closesocket’ was not declared in this scope
  int rv = closesocket(x);
                        ^
/home/autonaut/dune_all/dune/CMakeFiles/CMakeTmp/src.cxx:5:6: warning: unused variable ‘rv’ [-Wunused-variable]
  int rv = closesocket(x);
      ^
CMakeFiles/cmTC_d7b9a.dir/build.make:65: recipe for target 'CMakeFiles/cmTC_d7b9a.dir/src.cxx.o' failed
make[1]: *** [CMakeFiles/cmTC_d7b9a.dir/src.cxx.o] Error 1
make[1]: Leaving directory '/home/autonaut/dune_all/dune/CMakeFiles/CMakeTmp'
Makefile:126: recipe for target 'cmTC_d7b9a/fast' failed
make: *** [cmTC_d7b9a/fast] Error 2

Source file was:

int main(void) {
SOCKET x;

 int rv = closesocket(x);
return 0;
}

Performing C++ SOURCE FILE Test DUNE_SYS_HAS_PTHREAD_WIN32_PROCESS_ATTACH_NP failed with the following output:
Change Dir: /home/autonaut/dune_all/dune/CMakeFiles/CMakeTmp

Run Build Command:"/usr/bin/make" "cmTC_ced91/fast"
/usr/bin/make -f CMakeFiles/cmTC_ced91.dir/build.make CMakeFiles/cmTC_ced91.dir/build
make[1]: Entering directory '/home/autonaut/dune_all/dune/CMakeFiles/CMakeTmp'
Building CXX object CMakeFiles/cmTC_ced91.dir/src.cxx.o
/usr/bin/c++     -DDUNE_SYS_HAS_PTHREAD_WIN32_PROCESS_ATTACH_NP -Wall -Wshadow -pedantic   -o CMakeFiles/cmTC_ced91.dir/src.cxx.o -c /home/autonaut/dune_all/dune/CMakeFiles/CMakeTmp/src.cxx
/home/autonaut/dune_all/dune/CMakeFiles/CMakeTmp/src.cxx: In function ‘int main()’:
/home/autonaut/dune_all/dune/CMakeFiles/CMakeTmp/src.cxx:5:43: error: ‘pthread_win32_process_attach_np’ was not declared in this scope
  int rv = pthread_win32_process_attach_np();
                                           ^
/home/autonaut/dune_all/dune/CMakeFiles/CMakeTmp/src.cxx:5:6: warning: unused variable ‘rv’ [-Wunused-variable]
  int rv = pthread_win32_process_attach_np();
      ^
CMakeFiles/cmTC_ced91.dir/build.make:65: recipe for target 'CMakeFiles/cmTC_ced91.dir/src.cxx.o' failed
make[1]: *** [CMakeFiles/cmTC_ced91.dir/src.cxx.o] Error 1
make[1]: Leaving directory '/home/autonaut/dune_all/dune/CMakeFiles/CMakeTmp'
Makefile:126: recipe for target 'cmTC_ced91/fast' failed
make: *** [cmTC_ced91/fast] Error 2

Source file was:
#include <pthread.h>

int main(void) {

 int rv = pthread_win32_process_attach_np();
return 0;
}

Performing C++ SOURCE FILE Test DUNE_SYS_HAS__GETCWD failed with the following output:
Change Dir: /home/autonaut/dune_all/dune/CMakeFiles/CMakeTmp

Run Build Command:"/usr/bin/make" "cmTC_3dc9c/fast"
/usr/bin/make -f CMakeFiles/cmTC_3dc9c.dir/build.make CMakeFiles/cmTC_3dc9c.dir/build
make[1]: Entering directory '/home/autonaut/dune_all/dune/CMakeFiles/CMakeTmp'
Building CXX object CMakeFiles/cmTC_3dc9c.dir/src.cxx.o
/usr/bin/c++     -DDUNE_SYS_HAS__GETCWD -Wall -Wshadow -pedantic   -o CMakeFiles/cmTC_3dc9c.dir/src.cxx.o -c /home/autonaut/dune_all/dune/CMakeFiles/CMakeTmp/src.cxx
/home/autonaut/dune_all/dune/CMakeFiles/CMakeTmp/src.cxx: In function ‘int main()’:
/home/autonaut/dune_all/dune/CMakeFiles/CMakeTmp/src.cxx:6:27: error: ‘_getcwd’ was not declared in this scope
  char* rv = _getcwd(&x, xx);
                           ^
/home/autonaut/dune_all/dune/CMakeFiles/CMakeTmp/src.cxx:6:8: warning: unused variable ‘rv’ [-Wunused-variable]
  char* rv = _getcwd(&x, xx);
        ^
CMakeFiles/cmTC_3dc9c.dir/build.make:65: recipe for target 'CMakeFiles/cmTC_3dc9c.dir/src.cxx.o' failed
make[1]: *** [CMakeFiles/cmTC_3dc9c.dir/src.cxx.o] Error 1
make[1]: Leaving directory '/home/autonaut/dune_all/dune/CMakeFiles/CMakeTmp'
Makefile:126: recipe for target 'cmTC_3dc9c/fast' failed
make: *** [cmTC_3dc9c/fast] Error 2

Source file was:

int main(void) {
char x;
int xx;

 char* rv = _getcwd(&x, xx);
return 0;
}

Performing C++ SOURCE FILE Test DUNE_SYS_HAS_FORMAT_MESSAGE failed with the following output:
Change Dir: /home/autonaut/dune_all/dune/CMakeFiles/CMakeTmp

Run Build Command:"/usr/bin/make" "cmTC_cd967/fast"
/usr/bin/make -f CMakeFiles/cmTC_cd967.dir/build.make CMakeFiles/cmTC_cd967.dir/build
make[1]: Entering directory '/home/autonaut/dune_all/dune/CMakeFiles/CMakeTmp'
Building CXX object CMakeFiles/cmTC_cd967.dir/src.cxx.o
/usr/bin/c++     -DDUNE_SYS_HAS_FORMAT_MESSAGE -Wall -Wshadow -pedantic   -o CMakeFiles/cmTC_cd967.dir/src.cxx.o -c /home/autonaut/dune_all/dune/CMakeFiles/CMakeTmp/src.cxx
/home/autonaut/dune_all/dune/CMakeFiles/CMakeTmp/src.cxx: In function ‘int main()’:
/home/autonaut/dune_all/dune/CMakeFiles/CMakeTmp/src.cxx:3:1: error: ‘DWORD’ was not declared in this scope
 DWORD x;
 ^
/home/autonaut/dune_all/dune/CMakeFiles/CMakeTmp/src.cxx:5:7: error: expected ‘;’ before ‘xxx’
 DWORD xxx;
       ^
/home/autonaut/dune_all/dune/CMakeFiles/CMakeTmp/src.cxx:6:7: error: expected ‘;’ before ‘xxxx’
 DWORD xxxx;
       ^
/home/autonaut/dune_all/dune/CMakeFiles/CMakeTmp/src.cxx:8:7: error: expected ‘;’ before ‘xxxxxx’
 DWORD xxxxxx;
       ^
/home/autonaut/dune_all/dune/CMakeFiles/CMakeTmp/src.cxx:9:1: error: ‘va_list’ was not declared in this scope
 va_list xxxxxxx;
 ^
/home/autonaut/dune_all/dune/CMakeFiles/CMakeTmp/src.cxx:11:8: error: expected ‘;’ before ‘rv’
  DWORD rv = FormatMessage(x, &xx, xxx, xxxx, &xxxxx, xxxxxx, &xxxxxxx);
        ^
/home/autonaut/dune_all/dune/CMakeFiles/CMakeTmp/src.cxx:4:6: warning: unused variable ‘xx’ [-Wunused-variable]
 char xx;
      ^
/home/autonaut/dune_all/dune/CMakeFiles/CMakeTmp/src.cxx:7:6: warning: unused variable ‘xxxxx’ [-Wunused-variable]
 char xxxxx;
      ^
CMakeFiles/cmTC_cd967.dir/build.make:65: recipe for target 'CMakeFiles/cmTC_cd967.dir/src.cxx.o' failed
make[1]: *** [CMakeFiles/cmTC_cd967.dir/src.cxx.o] Error 1
make[1]: Leaving directory '/home/autonaut/dune_all/dune/CMakeFiles/CMakeTmp'
Makefile:126: recipe for target 'cmTC_cd967/fast' failed
make: *** [cmTC_cd967/fast] Error 2

Source file was:

int main(void) {
DWORD x;
char xx;
DWORD xxx;
DWORD xxxx;
char xxxxx;
DWORD xxxxxx;
va_list xxxxxxx;

 DWORD rv = FormatMessage(x, &xx, xxx, xxxx, &xxxxx, xxxxxx, &xxxxxxx);
return 0;
}

Performing C++ SOURCE FILE Test DUNE_SYS_HAS_GET_SYSTEM_TIME_AS_FILE_TIME failed with the following output:
Change Dir: /home/autonaut/dune_all/dune/CMakeFiles/CMakeTmp

Run Build Command:"/usr/bin/make" "cmTC_8fa2d/fast"
/usr/bin/make -f CMakeFiles/cmTC_8fa2d.dir/build.make CMakeFiles/cmTC_8fa2d.dir/build
make[1]: Entering directory '/home/autonaut/dune_all/dune/CMakeFiles/CMakeTmp'
Building CXX object CMakeFiles/cmTC_8fa2d.dir/src.cxx.o
/usr/bin/c++     -DDUNE_SYS_HAS_GET_SYSTEM_TIME_AS_FILE_TIME -Wall -Wshadow -pedantic   -o CMakeFiles/cmTC_8fa2d.dir/src.cxx.o -c /home/autonaut/dune_all/dune/CMakeFiles/CMakeTmp/src.cxx
/home/autonaut/dune_all/dune/CMakeFiles/CMakeTmp/src.cxx: In function ‘int main()’:
/home/autonaut/dune_all/dune/CMakeFiles/CMakeTmp/src.cxx:3:1: error: ‘FILETIME’ was not declared in this scope
 FILETIME x;
 ^
/home/autonaut/dune_all/dune/CMakeFiles/CMakeTmp/src.cxx:5:26: error: ‘x’ was not declared in this scope
 GetSystemTimeAsFileTime(&x);
                          ^
/home/autonaut/dune_all/dune/CMakeFiles/CMakeTmp/src.cxx:5:27: error: ‘GetSystemTimeAsFileTime’ was not declared in this scope
 GetSystemTimeAsFileTime(&x);
                           ^
CMakeFiles/cmTC_8fa2d.dir/build.make:65: recipe for target 'CMakeFiles/cmTC_8fa2d.dir/src.cxx.o' failed
make[1]: *** [CMakeFiles/cmTC_8fa2d.dir/src.cxx.o] Error 1
make[1]: Leaving directory '/home/autonaut/dune_all/dune/CMakeFiles/CMakeTmp'
Makefile:126: recipe for target 'cmTC_8fa2d/fast' failed
make: *** [cmTC_8fa2d/fast] Error 2

Source file was:

int main(void) {
FILETIME x;

GetSystemTimeAsFileTime(&x);
return 0;
}

Performing C++ SOURCE FILE Test DUNE_SYS_HAS_QUERY_PERFORMANCE_COUNTER failed with the following output:
Change Dir: /home/autonaut/dune_all/dune/CMakeFiles/CMakeTmp

Run Build Command:"/usr/bin/make" "cmTC_33a52/fast"
/usr/bin/make -f CMakeFiles/cmTC_33a52.dir/build.make CMakeFiles/cmTC_33a52.dir/build
make[1]: Entering directory '/home/autonaut/dune_all/dune/CMakeFiles/CMakeTmp'
Building CXX object CMakeFiles/cmTC_33a52.dir/src.cxx.o
/usr/bin/c++     -DDUNE_SYS_HAS_QUERY_PERFORMANCE_COUNTER -Wall -Wshadow -pedantic   -o CMakeFiles/cmTC_33a52.dir/src.cxx.o -c /home/autonaut/dune_all/dune/CMakeFiles/CMakeTmp/src.cxx
/home/autonaut/dune_all/dune/CMakeFiles/CMakeTmp/src.cxx: In function ‘int main()’:
/home/autonaut/dune_all/dune/CMakeFiles/CMakeTmp/src.cxx:3:1: error: ‘LARGE_INTEGER’ was not declared in this scope
 LARGE_INTEGER x;
 ^
/home/autonaut/dune_all/dune/CMakeFiles/CMakeTmp/src.cxx:5:37: error: ‘x’ was not declared in this scope
  bool rv = QueryPerformanceCounter(&x);
                                     ^
/home/autonaut/dune_all/dune/CMakeFiles/CMakeTmp/src.cxx:5:38: error: ‘QueryPerformanceCounter’ was not declared in this scope
  bool rv = QueryPerformanceCounter(&x);
                                      ^
/home/autonaut/dune_all/dune/CMakeFiles/CMakeTmp/src.cxx:5:7: warning: unused variable ‘rv’ [-Wunused-variable]
  bool rv = QueryPerformanceCounter(&x);
       ^
CMakeFiles/cmTC_33a52.dir/build.make:65: recipe for target 'CMakeFiles/cmTC_33a52.dir/src.cxx.o' failed
make[1]: *** [CMakeFiles/cmTC_33a52.dir/src.cxx.o] Error 1
make[1]: Leaving directory '/home/autonaut/dune_all/dune/CMakeFiles/CMakeTmp'
Makefile:126: recipe for target 'cmTC_33a52/fast' failed
make: *** [cmTC_33a52/fast] Error 2

Source file was:

int main(void) {
LARGE_INTEGER x;

 bool rv = QueryPerformanceCounter(&x);
return 0;
}

Performing C++ SOURCE FILE Test DUNE_SYS_HAS_GET_LAST_ERROR failed with the following output:
Change Dir: /home/autonaut/dune_all/dune/CMakeFiles/CMakeTmp

Run Build Command:"/usr/bin/make" "cmTC_2d7f9/fast"
/usr/bin/make -f CMakeFiles/cmTC_2d7f9.dir/build.make CMakeFiles/cmTC_2d7f9.dir/build
make[1]: Entering directory '/home/autonaut/dune_all/dune/CMakeFiles/CMakeTmp'
Building CXX object CMakeFiles/cmTC_2d7f9.dir/src.cxx.o
/usr/bin/c++     -DDUNE_SYS_HAS_GET_LAST_ERROR -Wall -Wshadow -pedantic   -o CMakeFiles/cmTC_2d7f9.dir/src.cxx.o -c /home/autonaut/dune_all/dune/CMakeFiles/CMakeTmp/src.cxx
/home/autonaut/dune_all/dune/CMakeFiles/CMakeTmp/src.cxx: In function ‘int main()’:
/home/autonaut/dune_all/dune/CMakeFiles/CMakeTmp/src.cxx:4:2: error: ‘DWORD’ was not declared in this scope
  DWORD rv = GetLastError();
  ^
CMakeFiles/cmTC_2d7f9.dir/build.make:65: recipe for target 'CMakeFiles/cmTC_2d7f9.dir/src.cxx.o' failed
make[1]: *** [CMakeFiles/cmTC_2d7f9.dir/src.cxx.o] Error 1
make[1]: Leaving directory '/home/autonaut/dune_all/dune/CMakeFiles/CMakeTmp'
Makefile:126: recipe for target 'cmTC_2d7f9/fast' failed
make: *** [cmTC_2d7f9/fast] Error 2

Source file was:

int main(void) {

 DWORD rv = GetLastError();
return 0;
}

Performing C++ SOURCE FILE Test DUNE_SYS_HAS_CREATE_WAITABLE_TIMER failed with the following output:
Change Dir: /home/autonaut/dune_all/dune/CMakeFiles/CMakeTmp

Run Build Command:"/usr/bin/make" "cmTC_c58a3/fast"
/usr/bin/make -f CMakeFiles/cmTC_c58a3.dir/build.make CMakeFiles/cmTC_c58a3.dir/build
make[1]: Entering directory '/home/autonaut/dune_all/dune/CMakeFiles/CMakeTmp'
Building CXX object CMakeFiles/cmTC_c58a3.dir/src.cxx.o
/usr/bin/c++     -DDUNE_SYS_HAS_CREATE_WAITABLE_TIMER -Wall -Wshadow -pedantic   -o CMakeFiles/cmTC_c58a3.dir/src.cxx.o -c /home/autonaut/dune_all/dune/CMakeFiles/CMakeTmp/src.cxx
/home/autonaut/dune_all/dune/CMakeFiles/CMakeTmp/src.cxx: In function ‘int main()’:
/home/autonaut/dune_all/dune/CMakeFiles/CMakeTmp/src.cxx:3:1: error: ‘SECURITY_ATTRIBUTES’ was not declared in this scope
 SECURITY_ATTRIBUTES x;
 ^
/home/autonaut/dune_all/dune/CMakeFiles/CMakeTmp/src.cxx:4:1: error: ‘BOOL’ was not declared in this scope
 BOOL xx;
 ^
/home/autonaut/dune_all/dune/CMakeFiles/CMakeTmp/src.cxx:7:2: error: ‘HANDLE’ was not declared in this scope
  HANDLE rv = CreateWaitableTimer(&x, xx, &xxx);
  ^
/home/autonaut/dune_all/dune/CMakeFiles/CMakeTmp/src.cxx:5:6: warning: unused variable ‘xxx’ [-Wunused-variable]
 char xxx;
      ^
CMakeFiles/cmTC_c58a3.dir/build.make:65: recipe for target 'CMakeFiles/cmTC_c58a3.dir/src.cxx.o' failed
make[1]: *** [CMakeFiles/cmTC_c58a3.dir/src.cxx.o] Error 1
make[1]: Leaving directory '/home/autonaut/dune_all/dune/CMakeFiles/CMakeTmp'
Makefile:126: recipe for target 'cmTC_c58a3/fast' failed
make: *** [cmTC_c58a3/fast] Error 2

Source file was:

int main(void) {
SECURITY_ATTRIBUTES x;
BOOL xx;
char xxx;

 HANDLE rv = CreateWaitableTimer(&x, xx, &xxx);
return 0;
}

Performing C++ SOURCE FILE Test DUNE_SYS_HAS_GET_MODULE_FILE_NAME failed with the following output:
Change Dir: /home/autonaut/dune_all/dune/CMakeFiles/CMakeTmp

Run Build Command:"/usr/bin/make" "cmTC_7126d/fast"
/usr/bin/make -f CMakeFiles/cmTC_7126d.dir/build.make CMakeFiles/cmTC_7126d.dir/build
make[1]: Entering directory '/home/autonaut/dune_all/dune/CMakeFiles/CMakeTmp'
Building CXX object CMakeFiles/cmTC_7126d.dir/src.cxx.o
/usr/bin/c++     -DDUNE_SYS_HAS_GET_MODULE_FILE_NAME -Wall -Wshadow -pedantic   -o CMakeFiles/cmTC_7126d.dir/src.cxx.o -c /home/autonaut/dune_all/dune/CMakeFiles/CMakeTmp/src.cxx
/home/autonaut/dune_all/dune/CMakeFiles/CMakeTmp/src.cxx: In function ‘int main()’:
/home/autonaut/dune_all/dune/CMakeFiles/CMakeTmp/src.cxx:3:1: error: ‘HMODULE’ was not declared in this scope
 HMODULE x;
 ^
/home/autonaut/dune_all/dune/CMakeFiles/CMakeTmp/src.cxx:4:1: error: ‘LPSTR’ was not declared in this scope
 LPSTR xx;
 ^
/home/autonaut/dune_all/dune/CMakeFiles/CMakeTmp/src.cxx:5:1: error: ‘DWORD’ was not declared in this scope
 DWORD xxx;
 ^
/home/autonaut/dune_all/dune/CMakeFiles/CMakeTmp/src.cxx:7:8: error: expected ‘;’ before ‘rv’
  DWORD rv = GetModuleFileName(x, xx, xxx);
        ^
CMakeFiles/cmTC_7126d.dir/build.make:65: recipe for target 'CMakeFiles/cmTC_7126d.dir/src.cxx.o' failed
make[1]: *** [CMakeFiles/cmTC_7126d.dir/src.cxx.o] Error 1
make[1]: Leaving directory '/home/autonaut/dune_all/dune/CMakeFiles/CMakeTmp'
Makefile:126: recipe for target 'cmTC_7126d/fast' failed
make: *** [cmTC_7126d/fast] Error 2

Source file was:

int main(void) {
HMODULE x;
LPSTR xx;
DWORD xxx;

 DWORD rv = GetModuleFileName(x, xx, xxx);
return 0;
}

Performing C++ SOURCE FILE Test DUNE_SYS_HAS_LOAD_LIBRARY failed with the following output:
Change Dir: /home/autonaut/dune_all/dune/CMakeFiles/CMakeTmp

Run Build Command:"/usr/bin/make" "cmTC_b58fc/fast"
/usr/bin/make -f CMakeFiles/cmTC_b58fc.dir/build.make CMakeFiles/cmTC_b58fc.dir/build
make[1]: Entering directory '/home/autonaut/dune_all/dune/CMakeFiles/CMakeTmp'
Building CXX object CMakeFiles/cmTC_b58fc.dir/src.cxx.o
/usr/bin/c++     -DDUNE_SYS_HAS_LOAD_LIBRARY -Wall -Wshadow -pedantic   -o CMakeFiles/cmTC_b58fc.dir/src.cxx.o -c /home/autonaut/dune_all/dune/CMakeFiles/CMakeTmp/src.cxx
/home/autonaut/dune_all/dune/CMakeFiles/CMakeTmp/src.cxx: In function ‘int main()’:
/home/autonaut/dune_all/dune/CMakeFiles/CMakeTmp/src.cxx:5:2: error: ‘HMODULE’ was not declared in this scope
  HMODULE rv = LoadLibrary(&x);
  ^
/home/autonaut/dune_all/dune/CMakeFiles/CMakeTmp/src.cxx:3:6: warning: unused variable ‘x’ [-Wunused-variable]
 char x;
      ^
CMakeFiles/cmTC_b58fc.dir/build.make:65: recipe for target 'CMakeFiles/cmTC_b58fc.dir/src.cxx.o' failed
make[1]: *** [CMakeFiles/cmTC_b58fc.dir/src.cxx.o] Error 1
make[1]: Leaving directory '/home/autonaut/dune_all/dune/CMakeFiles/CMakeTmp'
Makefile:126: recipe for target 'cmTC_b58fc/fast' failed
make: *** [cmTC_b58fc/fast] Error 2

Source file was:

int main(void) {
char x;

 HMODULE rv = LoadLibrary(&x);
return 0;
}

Performing C++ SOURCE FILE Test DUNE_SYS_HAS_TLS_ALLOC failed with the following output:
Change Dir: /home/autonaut/dune_all/dune/CMakeFiles/CMakeTmp

Run Build Command:"/usr/bin/make" "cmTC_3b2e7/fast"
/usr/bin/make -f CMakeFiles/cmTC_3b2e7.dir/build.make CMakeFiles/cmTC_3b2e7.dir/build
make[1]: Entering directory '/home/autonaut/dune_all/dune/CMakeFiles/CMakeTmp'
Building CXX object CMakeFiles/cmTC_3b2e7.dir/src.cxx.o
/usr/bin/c++     -DDUNE_SYS_HAS_TLS_ALLOC -Wall -Wshadow -pedantic   -o CMakeFiles/cmTC_3b2e7.dir/src.cxx.o -c /home/autonaut/dune_all/dune/CMakeFiles/CMakeTmp/src.cxx
/home/autonaut/dune_all/dune/CMakeFiles/CMakeTmp/src.cxx: In function ‘int main()’:
/home/autonaut/dune_all/dune/CMakeFiles/CMakeTmp/src.cxx:4:2: error: ‘DWORD’ was not declared in this scope
  DWORD rv = TlsAlloc();
  ^
CMakeFiles/cmTC_3b2e7.dir/build.make:65: recipe for target 'CMakeFiles/cmTC_3b2e7.dir/src.cxx.o' failed
make[1]: *** [CMakeFiles/cmTC_3b2e7.dir/src.cxx.o] Error 1
make[1]: Leaving directory '/home/autonaut/dune_all/dune/CMakeFiles/CMakeTmp'
Makefile:126: recipe for target 'cmTC_3b2e7/fast' failed
make: *** [cmTC_3b2e7/fast] Error 2

Source file was:

int main(void) {

 DWORD rv = TlsAlloc();
return 0;
}

Performing C++ SOURCE FILE Test DUNE_SYS_HAS_CREATE_DIRECTORY failed with the following output:
Change Dir: /home/autonaut/dune_all/dune/CMakeFiles/CMakeTmp

Run Build Command:"/usr/bin/make" "cmTC_532d8/fast"
/usr/bin/make -f CMakeFiles/cmTC_532d8.dir/build.make CMakeFiles/cmTC_532d8.dir/build
make[1]: Entering directory '/home/autonaut/dune_all/dune/CMakeFiles/CMakeTmp'
Building CXX object CMakeFiles/cmTC_532d8.dir/src.cxx.o
/usr/bin/c++     -DDUNE_SYS_HAS_CREATE_DIRECTORY -Wall -Wshadow -pedantic   -o CMakeFiles/cmTC_532d8.dir/src.cxx.o -c /home/autonaut/dune_all/dune/CMakeFiles/CMakeTmp/src.cxx
/home/autonaut/dune_all/dune/CMakeFiles/CMakeTmp/src.cxx: In function ‘int main()’:
/home/autonaut/dune_all/dune/CMakeFiles/CMakeTmp/src.cxx:3:1: error: ‘LPCTSTR’ was not declared in this scope
 LPCTSTR x;
 ^
/home/autonaut/dune_all/dune/CMakeFiles/CMakeTmp/src.cxx:4:1: error: ‘LPSECURITY_ATTRIBUTES’ was not declared in this scope
 LPSECURITY_ATTRIBUTES xx;
 ^
/home/autonaut/dune_all/dune/CMakeFiles/CMakeTmp/src.cxx:6:2: error: ‘BOOL’ was not declared in this scope
  BOOL rv = CreateDirectory(x, xx);
  ^
CMakeFiles/cmTC_532d8.dir/build.make:65: recipe for target 'CMakeFiles/cmTC_532d8.dir/src.cxx.o' failed
make[1]: *** [CMakeFiles/cmTC_532d8.dir/src.cxx.o] Error 1
make[1]: Leaving directory '/home/autonaut/dune_all/dune/CMakeFiles/CMakeTmp'
Makefile:126: recipe for target 'cmTC_532d8/fast' failed
make: *** [cmTC_532d8/fast] Error 2

Source file was:

int main(void) {
LPCTSTR x;
LPSECURITY_ATTRIBUTES xx;

 BOOL rv = CreateDirectory(x, xx);
return 0;
}

Performing C++ SOURCE FILE Test DUNE_SYS_HAS_WSA_STARTUP failed with the following output:
Change Dir: /home/autonaut/dune_all/dune/CMakeFiles/CMakeTmp

Run Build Command:"/usr/bin/make" "cmTC_f207a/fast"
/usr/bin/make -f CMakeFiles/cmTC_f207a.dir/build.make CMakeFiles/cmTC_f207a.dir/build
make[1]: Entering directory '/home/autonaut/dune_all/dune/CMakeFiles/CMakeTmp'
Building CXX object CMakeFiles/cmTC_f207a.dir/src.cxx.o
/usr/bin/c++     -DDUNE_SYS_HAS_WSA_STARTUP -Wall -Wshadow -pedantic   -o CMakeFiles/cmTC_f207a.dir/src.cxx.o -c /home/autonaut/dune_all/dune/CMakeFiles/CMakeTmp/src.cxx
/home/autonaut/dune_all/dune/CMakeFiles/CMakeTmp/src.cxx: In function ‘int main()’:
/home/autonaut/dune_all/dune/CMakeFiles/CMakeTmp/src.cxx:3:1: error: ‘WORD’ was not declared in this scope
 WORD x;
 ^
/home/autonaut/dune_all/dune/CMakeFiles/CMakeTmp/src.cxx:4:1: error: ‘WSADATA’ was not declared in this scope
 WSADATA xx;
 ^
/home/autonaut/dune_all/dune/CMakeFiles/CMakeTmp/src.cxx:6:22: error: ‘x’ was not declared in this scope
  int rv = WSAStartup(x, &xx);
                      ^
/home/autonaut/dune_all/dune/CMakeFiles/CMakeTmp/src.cxx:6:26: error: ‘xx’ was not declared in this scope
  int rv = WSAStartup(x, &xx);
                          ^
/home/autonaut/dune_all/dune/CMakeFiles/CMakeTmp/src.cxx:6:28: error: ‘WSAStartup’ was not declared in this scope
  int rv = WSAStartup(x, &xx);
                            ^
/home/autonaut/dune_all/dune/CMakeFiles/CMakeTmp/src.cxx:6:6: warning: unused variable ‘rv’ [-Wunused-variable]
  int rv = WSAStartup(x, &xx);
      ^
CMakeFiles/cmTC_f207a.dir/build.make:65: recipe for target 'CMakeFiles/cmTC_f207a.dir/src.cxx.o' failed
make[1]: *** [CMakeFiles/cmTC_f207a.dir/src.cxx.o] Error 1
make[1]: Leaving directory '/home/autonaut/dune_all/dune/CMakeFiles/CMakeTmp'
Makefile:126: recipe for target 'cmTC_f207a/fast' failed
make: *** [cmTC_f207a/fast] Error 2

Source file was:

int main(void) {
WORD x;
WSADATA xx;

 int rv = WSAStartup(x, &xx);
return 0;
}

Performing C++ SOURCE FILE Test DUNE_SYS_HAS_WSA_CLEANUP failed with the following output:
Change Dir: /home/autonaut/dune_all/dune/CMakeFiles/CMakeTmp

Run Build Command:"/usr/bin/make" "cmTC_2758c/fast"
/usr/bin/make -f CMakeFiles/cmTC_2758c.dir/build.make CMakeFiles/cmTC_2758c.dir/build
make[1]: Entering directory '/home/autonaut/dune_all/dune/CMakeFiles/CMakeTmp'
Building CXX object CMakeFiles/cmTC_2758c.dir/src.cxx.o
/usr/bin/c++     -DDUNE_SYS_HAS_WSA_CLEANUP -Wall -Wshadow -pedantic   -o CMakeFiles/cmTC_2758c.dir/src.cxx.o -c /home/autonaut/dune_all/dune/CMakeFiles/CMakeTmp/src.cxx
/home/autonaut/dune_all/dune/CMakeFiles/CMakeTmp/src.cxx: In function ‘int main()’:
/home/autonaut/dune_all/dune/CMakeFiles/CMakeTmp/src.cxx:4:22: error: ‘WSACleanup’ was not declared in this scope
  int rv = WSACleanup();
                      ^
/home/autonaut/dune_all/dune/CMakeFiles/CMakeTmp/src.cxx:4:6: warning: unused variable ‘rv’ [-Wunused-variable]
  int rv = WSACleanup();
      ^
CMakeFiles/cmTC_2758c.dir/build.make:65: recipe for target 'CMakeFiles/cmTC_2758c.dir/src.cxx.o' failed
make[1]: *** [CMakeFiles/cmTC_2758c.dir/src.cxx.o] Error 1
make[1]: Leaving directory '/home/autonaut/dune_all/dune/CMakeFiles/CMakeTmp'
Makefile:126: recipe for target 'cmTC_2758c/fast' failed
make: *** [cmTC_2758c/fast] Error 2

Source file was:

int main(void) {

 int rv = WSACleanup();
return 0;
}

Performing C++ SOURCE FILE Test DUNE_SYS_HAS_WSA_STRING_TO_ADDRESS failed with the following output:
Change Dir: /home/autonaut/dune_all/dune/CMakeFiles/CMakeTmp

Run Build Command:"/usr/bin/make" "cmTC_43b38/fast"
/usr/bin/make -f CMakeFiles/cmTC_43b38.dir/build.make CMakeFiles/cmTC_43b38.dir/build
make[1]: Entering directory '/home/autonaut/dune_all/dune/CMakeFiles/CMakeTmp'
Building CXX object CMakeFiles/cmTC_43b38.dir/src.cxx.o
/usr/bin/c++     -DDUNE_SYS_HAS_WSA_STRING_TO_ADDRESS -Wall -Wshadow -pedantic   -o CMakeFiles/cmTC_43b38.dir/src.cxx.o -c /home/autonaut/dune_all/dune/CMakeFiles/CMakeTmp/src.cxx
/home/autonaut/dune_all/dune/CMakeFiles/CMakeTmp/src.cxx: In function ‘int main()’:
/home/autonaut/dune_all/dune/CMakeFiles/CMakeTmp/src.cxx:5:1: error: ‘WSAPROTOCOL_INFO’ was not declared in this scope
 WSAPROTOCOL_INFO xxx;
 ^
/home/autonaut/dune_all/dune/CMakeFiles/CMakeTmp/src.cxx:6:1: error: ‘SOCKADDR’ was not declared in this scope
 SOCKADDR xxxx;
 ^
/home/autonaut/dune_all/dune/CMakeFiles/CMakeTmp/src.cxx:9:39: error: ‘xxx’ was not declared in this scope
  int rv = WSAStringToAddress(&x, xx, &xxx, &xxxx, &xxxxx);
                                       ^
/home/autonaut/dune_all/dune/CMakeFiles/CMakeTmp/src.cxx:9:45: error: ‘xxxx’ was not declared in this scope
  int rv = WSAStringToAddress(&x, xx, &xxx, &xxxx, &xxxxx);
                                             ^
/home/autonaut/dune_all/dune/CMakeFiles/CMakeTmp/src.cxx:9:57: error: ‘WSAStringToAddress’ was not declared in this scope
  int rv = WSAStringToAddress(&x, xx, &xxx, &xxxx, &xxxxx);
                                                         ^
/home/autonaut/dune_all/dune/CMakeFiles/CMakeTmp/src.cxx:9:6: warning: unused variable ‘rv’ [-Wunused-variable]
  int rv = WSAStringToAddress(&x, xx, &xxx, &xxxx, &xxxxx);
      ^
CMakeFiles/cmTC_43b38.dir/build.make:65: recipe for target 'CMakeFiles/cmTC_43b38.dir/src.cxx.o' failed
make[1]: *** [CMakeFiles/cmTC_43b38.dir/src.cxx.o] Error 1
make[1]: Leaving directory '/home/autonaut/dune_all/dune/CMakeFiles/CMakeTmp'
Makefile:126: recipe for target 'cmTC_43b38/fast' failed
make: *** [cmTC_43b38/fast] Error 2

Source file was:

int main(void) {
char x;
int xx;
WSAPROTOCOL_INFO xxx;
SOCKADDR xxxx;
int xxxxx;

 int rv = WSAStringToAddress(&x, xx, &xxx, &xxxx, &xxxxx);
return 0;
}

Performing C++ SOURCE FILE Test DUNE_SYS_HAS_WSA_IOCTL failed with the following output:
Change Dir: /home/autonaut/dune_all/dune/CMakeFiles/CMakeTmp

Run Build Command:"/usr/bin/make" "cmTC_0d435/fast"
/usr/bin/make -f CMakeFiles/cmTC_0d435.dir/build.make CMakeFiles/cmTC_0d435.dir/build
make[1]: Entering directory '/home/autonaut/dune_all/dune/CMakeFiles/CMakeTmp'
Building CXX object CMakeFiles/cmTC_0d435.dir/src.cxx.o
/usr/bin/c++     -DDUNE_SYS_HAS_WSA_IOCTL -Wall -Wshadow -pedantic   -o CMakeFiles/cmTC_0d435.dir/src.cxx.o -c /home/autonaut/dune_all/dune/CMakeFiles/CMakeTmp/src.cxx
/home/autonaut/dune_all/dune/CMakeFiles/CMakeTmp/src.cxx: In function ‘int main()’:
/home/autonaut/dune_all/dune/CMakeFiles/CMakeTmp/src.cxx:3:1: error: ‘SOCKET’ was not declared in this scope
 SOCKET x;
 ^
/home/autonaut/dune_all/dune/CMakeFiles/CMakeTmp/src.cxx:4:1: error: ‘DWORD’ was not declared in this scope
 DWORD xx;
 ^
/home/autonaut/dune_all/dune/CMakeFiles/CMakeTmp/src.cxx:6:7: error: expected ‘;’ before ‘xxxx’
 DWORD xxxx;
       ^
/home/autonaut/dune_all/dune/CMakeFiles/CMakeTmp/src.cxx:8:7: error: expected ‘;’ before ‘xxxxxx’
 DWORD xxxxxx;
       ^
/home/autonaut/dune_all/dune/CMakeFiles/CMakeTmp/src.cxx:9:1: error: ‘LPDWORD’ was not declared in this scope
 LPDWORD xxxxxxx;
 ^
/home/autonaut/dune_all/dune/CMakeFiles/CMakeTmp/src.cxx:10:1: error: ‘LPWSAOVERLAPPED’ was not declared in this scope
 LPWSAOVERLAPPED xxxxxxxx;
 ^
/home/autonaut/dune_all/dune/CMakeFiles/CMakeTmp/src.cxx:11:1: error: ‘LPWSAOVERLAPPED_COMPLETION_ROUTINE’ was not declared in this scope
 LPWSAOVERLAPPED_COMPLETION_ROUTINE xxxxxxxxx;
 ^
/home/autonaut/dune_all/dune/CMakeFiles/CMakeTmp/src.cxx:13:20: error: ‘x’ was not declared in this scope
  int rv = WSAIoctl(x, xx, &xxx, xxxx, &xxxxx, xxxxxx, xxxxxxx, xxxxxxxx, xxxxxxxxx);
                    ^
/home/autonaut/dune_all/dune/CMakeFiles/CMakeTmp/src.cxx:13:23: error: ‘xx’ was not declared in this scope
  int rv = WSAIoctl(x, xx, &xxx, xxxx, &xxxxx, xxxxxx, xxxxxxx, xxxxxxxx, xxxxxxxxx);
                       ^
/home/autonaut/dune_all/dune/CMakeFiles/CMakeTmp/src.cxx:13:33: error: ‘xxxx’ was not declared in this scope
  int rv = WSAIoctl(x, xx, &xxx, xxxx, &xxxxx, xxxxxx, xxxxxxx, xxxxxxxx, xxxxxxxxx);
                                 ^
/home/autonaut/dune_all/dune/CMakeFiles/CMakeTmp/src.cxx:13:47: error: ‘xxxxxx’ was not declared in this scope
  int rv = WSAIoctl(x, xx, &xxx, xxxx, &xxxxx, xxxxxx, xxxxxxx, xxxxxxxx, xxxxxxxxx);
                                               ^
/home/autonaut/dune_all/dune/CMakeFiles/CMakeTmp/src.cxx:13:55: error: ‘xxxxxxx’ was not declared in this scope
  int rv = WSAIoctl(x, xx, &xxx, xxxx, &xxxxx, xxxxxx, xxxxxxx, xxxxxxxx, xxxxxxxxx);
                                                       ^
/home/autonaut/dune_all/dune/CMakeFiles/CMakeTmp/src.cxx:13:64: error: ‘xxxxxxxx’ was not declared in this scope
  int rv = WSAIoctl(x, xx, &xxx, xxxx, &xxxxx, xxxxxx, xxxxxxx, xxxxxxxx, xxxxxxxxx);
                                                                ^
/home/autonaut/dune_all/dune/CMakeFiles/CMakeTmp/src.cxx:13:74: error: ‘xxxxxxxxx’ was not declared in this scope
  int rv = WSAIoctl(x, xx, &xxx, xxxx, &xxxxx, xxxxxx, xxxxxxx, xxxxxxxx, xxxxxxxxx);
                                                                          ^
/home/autonaut/dune_all/dune/CMakeFiles/CMakeTmp/src.cxx:13:83: error: ‘WSAIoctl’ was not declared in this scope
  int rv = WSAIoctl(x, xx, &xxx, xxxx, &xxxxx, xxxxxx, xxxxxxx, xxxxxxxx, xxxxxxxxx);
                                                                                   ^
/home/autonaut/dune_all/dune/CMakeFiles/CMakeTmp/src.cxx:13:6: warning: unused variable ‘rv’ [-Wunused-variable]
  int rv = WSAIoctl(x, xx, &xxx, xxxx, &xxxxx, xxxxxx, xxxxxxx, xxxxxxxx, xxxxxxxxx);
      ^
CMakeFiles/cmTC_0d435.dir/build.make:65: recipe for target 'CMakeFiles/cmTC_0d435.dir/src.cxx.o' failed
make[1]: *** [CMakeFiles/cmTC_0d435.dir/src.cxx.o] Error 1
make[1]: Leaving directory '/home/autonaut/dune_all/dune/CMakeFiles/CMakeTmp'
Makefile:126: recipe for target 'cmTC_0d435/fast' failed
make: *** [cmTC_0d435/fast] Error 2

Source file was:

int main(void) {
SOCKET x;
DWORD xx;
char xxx;
DWORD xxxx;
char xxxxx;
DWORD xxxxxx;
LPDWORD xxxxxxx;
LPWSAOVERLAPPED xxxxxxxx;
LPWSAOVERLAPPED_COMPLETION_ROUTINE xxxxxxxxx;

 int rv = WSAIoctl(x, xx, &xxx, xxxx, &xxxxx, xxxxxx, xxxxxxx, xxxxxxxx, xxxxxxxxx);
return 0;
}

Performing C++ SOURCE FILE Test DUNE_SYS_HAS_POSIX_STRERROR_R failed with the following output:
Change Dir: /home/autonaut/dune_all/dune/CMakeFiles/CMakeTmp

Run Build Command:"/usr/bin/make" "cmTC_60023/fast"
/usr/bin/make -f CMakeFiles/cmTC_60023.dir/build.make CMakeFiles/cmTC_60023.dir/build
make[1]: Entering directory '/home/autonaut/dune_all/dune/CMakeFiles/CMakeTmp'
Building CXX object CMakeFiles/cmTC_60023.dir/src.cxx.o
/usr/bin/c++     -DDUNE_SYS_HAS_POSIX_STRERROR_R -Wall -Wshadow -pedantic   -o CMakeFiles/cmTC_60023.dir/src.cxx.o -c /home/autonaut/dune_all/dune/CMakeFiles/CMakeTmp/src.cxx
/home/autonaut/dune_all/dune/CMakeFiles/CMakeTmp/src.cxx: In function ‘int main()’:
/home/autonaut/dune_all/dune/CMakeFiles/CMakeTmp/src.cxx:9:21: error: invalid conversion from ‘char*’ to ‘int’ [-fpermissive]
  int rv = strerror_r(x, &xx, xxx);
                     ^
/home/autonaut/dune_all/dune/CMakeFiles/CMakeTmp/src.cxx:9:6: warning: unused variable ‘rv’ [-Wunused-variable]
  int rv = strerror_r(x, &xx, xxx);
      ^
CMakeFiles/cmTC_60023.dir/build.make:65: recipe for target 'CMakeFiles/cmTC_60023.dir/src.cxx.o' failed
make[1]: *** [CMakeFiles/cmTC_60023.dir/src.cxx.o] Error 1
make[1]: Leaving directory '/home/autonaut/dune_all/dune/CMakeFiles/CMakeTmp'
Makefile:126: recipe for target 'cmTC_60023/fast' failed
make: *** [cmTC_60023/fast] Error 2

Source file was:
#include <cstring>
#include <string.h>

int main(void) {
int x;
char xx;
size_t xxx;

 int rv = strerror_r(x, &xx, xxx);
return 0;
}

Performing C++ SOURCE FILE Test DUNE_SYS_HAS_CREATE_FILE failed with the following output:
Change Dir: /home/autonaut/dune_all/dune/CMakeFiles/CMakeTmp

Run Build Command:"/usr/bin/make" "cmTC_b5ed5/fast"
/usr/bin/make -f CMakeFiles/cmTC_b5ed5.dir/build.make CMakeFiles/cmTC_b5ed5.dir/build
make[1]: Entering directory '/home/autonaut/dune_all/dune/CMakeFiles/CMakeTmp'
Building CXX object CMakeFiles/cmTC_b5ed5.dir/src.cxx.o
/usr/bin/c++     -DDUNE_SYS_HAS_CREATE_FILE -Wall -Wshadow -pedantic   -o CMakeFiles/cmTC_b5ed5.dir/src.cxx.o -c /home/autonaut/dune_all/dune/CMakeFiles/CMakeTmp/src.cxx
/home/autonaut/dune_all/dune/CMakeFiles/CMakeTmp/src.cxx: In function ‘int main()’:
/home/autonaut/dune_all/dune/CMakeFiles/CMakeTmp/src.cxx:3:1: error: ‘LPCSTR’ was not declared in this scope
 LPCSTR x;
 ^
/home/autonaut/dune_all/dune/CMakeFiles/CMakeTmp/src.cxx:4:1: error: ‘DWORD’ was not declared in this scope
 DWORD xx;
 ^
/home/autonaut/dune_all/dune/CMakeFiles/CMakeTmp/src.cxx:5:7: error: expected ‘;’ before ‘xxx’
 DWORD xxx;
       ^
/home/autonaut/dune_all/dune/CMakeFiles/CMakeTmp/src.cxx:6:1: error: ‘SECURITY_ATTRIBUTES’ was not declared in this scope
 SECURITY_ATTRIBUTES xxxx;
 ^
/home/autonaut/dune_all/dune/CMakeFiles/CMakeTmp/src.cxx:7:7: error: expected ‘;’ before ‘xxxxx’
 DWORD xxxxx;
       ^
/home/autonaut/dune_all/dune/CMakeFiles/CMakeTmp/src.cxx:8:7: error: expected ‘;’ before ‘xxxxxx’
 DWORD xxxxxx;
       ^
/home/autonaut/dune_all/dune/CMakeFiles/CMakeTmp/src.cxx:9:1: error: ‘HANDLE’ was not declared in this scope
 HANDLE xxxxxxx;
 ^
/home/autonaut/dune_all/dune/CMakeFiles/CMakeTmp/src.cxx:11:9: error: expected ‘;’ before ‘rv’
  HANDLE rv = CreateFile(x, xx, xxx, &xxxx, xxxxx, xxxxxx, xxxxxxx);
         ^
CMakeFiles/cmTC_b5ed5.dir/build.make:65: recipe for target 'CMakeFiles/cmTC_b5ed5.dir/src.cxx.o' failed
make[1]: *** [CMakeFiles/cmTC_b5ed5.dir/src.cxx.o] Error 1
make[1]: Leaving directory '/home/autonaut/dune_all/dune/CMakeFiles/CMakeTmp'
Makefile:126: recipe for target 'cmTC_b5ed5/fast' failed
make: *** [cmTC_b5ed5/fast] Error 2

Source file was:

int main(void) {
LPCSTR x;
DWORD xx;
DWORD xxx;
SECURITY_ATTRIBUTES xxxx;
DWORD xxxxx;
DWORD xxxxxx;
HANDLE xxxxxxx;

 HANDLE rv = CreateFile(x, xx, xxx, &xxxx, xxxxx, xxxxxx, xxxxxxx);
return 0;
}

Performing C++ SOURCE FILE Test DUNE_SYS_HAS_READ_FILE failed with the following output:
Change Dir: /home/autonaut/dune_all/dune/CMakeFiles/CMakeTmp

Run Build Command:"/usr/bin/make" "cmTC_aa0bf/fast"
/usr/bin/make -f CMakeFiles/cmTC_aa0bf.dir/build.make CMakeFiles/cmTC_aa0bf.dir/build
make[1]: Entering directory '/home/autonaut/dune_all/dune/CMakeFiles/CMakeTmp'
Building CXX object CMakeFiles/cmTC_aa0bf.dir/src.cxx.o
/usr/bin/c++     -DDUNE_SYS_HAS_READ_FILE -Wall -Wshadow -pedantic   -o CMakeFiles/cmTC_aa0bf.dir/src.cxx.o -c /home/autonaut/dune_all/dune/CMakeFiles/CMakeTmp/src.cxx
/home/autonaut/dune_all/dune/CMakeFiles/CMakeTmp/src.cxx: In function ‘int main()’:
/home/autonaut/dune_all/dune/CMakeFiles/CMakeTmp/src.cxx:3:1: error: ‘HANDLE’ was not declared in this scope
 HANDLE x;
 ^
/home/autonaut/dune_all/dune/CMakeFiles/CMakeTmp/src.cxx:4:1: error: ‘LPVOID’ was not declared in this scope
 LPVOID xx;
 ^
/home/autonaut/dune_all/dune/CMakeFiles/CMakeTmp/src.cxx:5:1: error: ‘DWORD’ was not declared in this scope
 DWORD xxx;
 ^
/home/autonaut/dune_all/dune/CMakeFiles/CMakeTmp/src.cxx:6:7: error: expected ‘;’ before ‘xxxx’
 DWORD xxxx;
       ^
/home/autonaut/dune_all/dune/CMakeFiles/CMakeTmp/src.cxx:7:1: error: ‘OVERLAPPED’ was not declared in this scope
 OVERLAPPED xxxxx;
 ^
/home/autonaut/dune_all/dune/CMakeFiles/CMakeTmp/src.cxx:9:2: error: ‘BOOL’ was not declared in this scope
  BOOL rv = ReadFile(x, xx, xxx, &xxxx, &xxxxx);
  ^
CMakeFiles/cmTC_aa0bf.dir/build.make:65: recipe for target 'CMakeFiles/cmTC_aa0bf.dir/src.cxx.o' failed
make[1]: *** [CMakeFiles/cmTC_aa0bf.dir/src.cxx.o] Error 1
make[1]: Leaving directory '/home/autonaut/dune_all/dune/CMakeFiles/CMakeTmp'
Makefile:126: recipe for target 'cmTC_aa0bf/fast' failed
make: *** [cmTC_aa0bf/fast] Error 2

Source file was:

int main(void) {
HANDLE x;
LPVOID xx;
DWORD xxx;
DWORD xxxx;
OVERLAPPED xxxxx;

 BOOL rv = ReadFile(x, xx, xxx, &xxxx, &xxxxx);
return 0;
}

Performing C++ SOURCE FILE Test DUNE_SYS_HAS_WRITE_FILE failed with the following output:
Change Dir: /home/autonaut/dune_all/dune/CMakeFiles/CMakeTmp

Run Build Command:"/usr/bin/make" "cmTC_8eea8/fast"
/usr/bin/make -f CMakeFiles/cmTC_8eea8.dir/build.make CMakeFiles/cmTC_8eea8.dir/build
make[1]: Entering directory '/home/autonaut/dune_all/dune/CMakeFiles/CMakeTmp'
Building CXX object CMakeFiles/cmTC_8eea8.dir/src.cxx.o
/usr/bin/c++     -DDUNE_SYS_HAS_WRITE_FILE -Wall -Wshadow -pedantic   -o CMakeFiles/cmTC_8eea8.dir/src.cxx.o -c /home/autonaut/dune_all/dune/CMakeFiles/CMakeTmp/src.cxx
/home/autonaut/dune_all/dune/CMakeFiles/CMakeTmp/src.cxx: In function ‘int main()’:
/home/autonaut/dune_all/dune/CMakeFiles/CMakeTmp/src.cxx:3:1: error: ‘HANDLE’ was not declared in this scope
 HANDLE x;
 ^
/home/autonaut/dune_all/dune/CMakeFiles/CMakeTmp/src.cxx:4:1: error: ‘LPCVOID’ was not declared in this scope
 LPCVOID xx;
 ^
/home/autonaut/dune_all/dune/CMakeFiles/CMakeTmp/src.cxx:5:1: error: ‘DWORD’ was not declared in this scope
 DWORD xxx;
 ^
/home/autonaut/dune_all/dune/CMakeFiles/CMakeTmp/src.cxx:6:7: error: expected ‘;’ before ‘xxxx’
 DWORD xxxx;
       ^
/home/autonaut/dune_all/dune/CMakeFiles/CMakeTmp/src.cxx:7:1: error: ‘OVERLAPPED’ was not declared in this scope
 OVERLAPPED xxxxx;
 ^
/home/autonaut/dune_all/dune/CMakeFiles/CMakeTmp/src.cxx:9:2: error: ‘BOOL’ was not declared in this scope
  BOOL rv = WriteFile(x, xx, xxx, &xxxx, &xxxxx);
  ^
CMakeFiles/cmTC_8eea8.dir/build.make:65: recipe for target 'CMakeFiles/cmTC_8eea8.dir/src.cxx.o' failed
make[1]: *** [CMakeFiles/cmTC_8eea8.dir/src.cxx.o] Error 1
make[1]: Leaving directory '/home/autonaut/dune_all/dune/CMakeFiles/CMakeTmp'
Makefile:126: recipe for target 'cmTC_8eea8/fast' failed
make: *** [cmTC_8eea8/fast] Error 2

Source file was:

int main(void) {
HANDLE x;
LPCVOID xx;
DWORD xxx;
DWORD xxxx;
OVERLAPPED xxxxx;

 BOOL rv = WriteFile(x, xx, xxx, &xxxx, &xxxxx);
return 0;
}

Performing C++ SOURCE FILE Test DUNE_SYS_HAS_GET_OVERLAPPED_RESULT failed with the following output:
Change Dir: /home/autonaut/dune_all/dune/CMakeFiles/CMakeTmp

Run Build Command:"/usr/bin/make" "cmTC_d5b7e/fast"
/usr/bin/make -f CMakeFiles/cmTC_d5b7e.dir/build.make CMakeFiles/cmTC_d5b7e.dir/build
make[1]: Entering directory '/home/autonaut/dune_all/dune/CMakeFiles/CMakeTmp'
Building CXX object CMakeFiles/cmTC_d5b7e.dir/src.cxx.o
/usr/bin/c++     -DDUNE_SYS_HAS_GET_OVERLAPPED_RESULT -Wall -Wshadow -pedantic   -o CMakeFiles/cmTC_d5b7e.dir/src.cxx.o -c /home/autonaut/dune_all/dune/CMakeFiles/CMakeTmp/src.cxx
/home/autonaut/dune_all/dune/CMakeFiles/CMakeTmp/src.cxx: In function ‘int main()’:
/home/autonaut/dune_all/dune/CMakeFiles/CMakeTmp/src.cxx:3:1: error: ‘HANDLE’ was not declared in this scope
 HANDLE x;
 ^
/home/autonaut/dune_all/dune/CMakeFiles/CMakeTmp/src.cxx:4:1: error: ‘OVERLAPPED’ was not declared in this scope
 OVERLAPPED xx;
 ^
/home/autonaut/dune_all/dune/CMakeFiles/CMakeTmp/src.cxx:5:1: error: ‘DWORD’ was not declared in this scope
 DWORD xxx;
 ^
/home/autonaut/dune_all/dune/CMakeFiles/CMakeTmp/src.cxx:6:1: error: ‘BOOL’ was not declared in this scope
 BOOL xxxx;
 ^
/home/autonaut/dune_all/dune/CMakeFiles/CMakeTmp/src.cxx:8:7: error: expected ‘;’ before ‘rv’
  BOOL rv = GetOverlappedResult(x, &xx, &xxx, xxxx);
       ^
CMakeFiles/cmTC_d5b7e.dir/build.make:65: recipe for target 'CMakeFiles/cmTC_d5b7e.dir/src.cxx.o' failed
make[1]: *** [CMakeFiles/cmTC_d5b7e.dir/src.cxx.o] Error 1
make[1]: Leaving directory '/home/autonaut/dune_all/dune/CMakeFiles/CMakeTmp'
Makefile:126: recipe for target 'cmTC_d5b7e/fast' failed
make: *** [cmTC_d5b7e/fast] Error 2

Source file was:

int main(void) {
HANDLE x;
OVERLAPPED xx;
DWORD xxx;
BOOL xxxx;

 BOOL rv = GetOverlappedResult(x, &xx, &xxx, xxxx);
return 0;
}

Performing C++ SOURCE FILE Test DUNE_SYS_HAS_SET_COMM_STATE failed with the following output:
Change Dir: /home/autonaut/dune_all/dune/CMakeFiles/CMakeTmp

Run Build Command:"/usr/bin/make" "cmTC_8dab3/fast"
/usr/bin/make -f CMakeFiles/cmTC_8dab3.dir/build.make CMakeFiles/cmTC_8dab3.dir/build
make[1]: Entering directory '/home/autonaut/dune_all/dune/CMakeFiles/CMakeTmp'
Building CXX object CMakeFiles/cmTC_8dab3.dir/src.cxx.o
/usr/bin/c++     -DDUNE_SYS_HAS_SET_COMM_STATE -Wall -Wshadow -pedantic   -o CMakeFiles/cmTC_8dab3.dir/src.cxx.o -c /home/autonaut/dune_all/dune/CMakeFiles/CMakeTmp/src.cxx
/home/autonaut/dune_all/dune/CMakeFiles/CMakeTmp/src.cxx: In function ‘int main()’:
/home/autonaut/dune_all/dune/CMakeFiles/CMakeTmp/src.cxx:3:1: error: ‘HANDLE’ was not declared in this scope
 HANDLE x;
 ^
/home/autonaut/dune_all/dune/CMakeFiles/CMakeTmp/src.cxx:4:1: error: ‘DCB’ was not declared in this scope
 DCB xx;
 ^
/home/autonaut/dune_all/dune/CMakeFiles/CMakeTmp/src.cxx:6:2: error: ‘BOOL’ was not declared in this scope
  BOOL rv = SetCommState(x, &xx);
  ^
CMakeFiles/cmTC_8dab3.dir/build.make:65: recipe for target 'CMakeFiles/cmTC_8dab3.dir/src.cxx.o' failed
make[1]: *** [CMakeFiles/cmTC_8dab3.dir/src.cxx.o] Error 1
make[1]: Leaving directory '/home/autonaut/dune_all/dune/CMakeFiles/CMakeTmp'
Makefile:126: recipe for target 'cmTC_8dab3/fast' failed
make: *** [cmTC_8dab3/fast] Error 2

Source file was:

int main(void) {
HANDLE x;
DCB xx;

 BOOL rv = SetCommState(x, &xx);
return 0;
}

Performing C++ SOURCE FILE Test DUNE_SYS_HAS_GET_COMM_STATE failed with the following output:
Change Dir: /home/autonaut/dune_all/dune/CMakeFiles/CMakeTmp

Run Build Command:"/usr/bin/make" "cmTC_df121/fast"
/usr/bin/make -f CMakeFiles/cmTC_df121.dir/build.make CMakeFiles/cmTC_df121.dir/build
make[1]: Entering directory '/home/autonaut/dune_all/dune/CMakeFiles/CMakeTmp'
Building CXX object CMakeFiles/cmTC_df121.dir/src.cxx.o
/usr/bin/c++     -DDUNE_SYS_HAS_GET_COMM_STATE -Wall -Wshadow -pedantic   -o CMakeFiles/cmTC_df121.dir/src.cxx.o -c /home/autonaut/dune_all/dune/CMakeFiles/CMakeTmp/src.cxx
/home/autonaut/dune_all/dune/CMakeFiles/CMakeTmp/src.cxx: In function ‘int main()’:
/home/autonaut/dune_all/dune/CMakeFiles/CMakeTmp/src.cxx:3:1: error: ‘HANDLE’ was not declared in this scope
 HANDLE x;
 ^
/home/autonaut/dune_all/dune/CMakeFiles/CMakeTmp/src.cxx:4:1: error: ‘DCB’ was not declared in this scope
 DCB xx;
 ^
/home/autonaut/dune_all/dune/CMakeFiles/CMakeTmp/src.cxx:6:2: error: ‘BOOL’ was not declared in this scope
  BOOL rv = GetCommState(x, &xx);
  ^
CMakeFiles/cmTC_df121.dir/build.make:65: recipe for target 'CMakeFiles/cmTC_df121.dir/src.cxx.o' failed
make[1]: *** [CMakeFiles/cmTC_df121.dir/src.cxx.o] Error 1
make[1]: Leaving directory '/home/autonaut/dune_all/dune/CMakeFiles/CMakeTmp'
Makefile:126: recipe for target 'cmTC_df121/fast' failed
make: *** [cmTC_df121/fast] Error 2

Source file was:

int main(void) {
HANDLE x;
DCB xx;

 BOOL rv = GetCommState(x, &xx);
return 0;
}

Performing C++ SOURCE FILE Test DUNE_SYS_HAS_SET_COMM_MASK failed with the following output:
Change Dir: /home/autonaut/dune_all/dune/CMakeFiles/CMakeTmp

Run Build Command:"/usr/bin/make" "cmTC_e16ba/fast"
/usr/bin/make -f CMakeFiles/cmTC_e16ba.dir/build.make CMakeFiles/cmTC_e16ba.dir/build
make[1]: Entering directory '/home/autonaut/dune_all/dune/CMakeFiles/CMakeTmp'
Building CXX object CMakeFiles/cmTC_e16ba.dir/src.cxx.o
/usr/bin/c++     -DDUNE_SYS_HAS_SET_COMM_MASK -Wall -Wshadow -pedantic   -o CMakeFiles/cmTC_e16ba.dir/src.cxx.o -c /home/autonaut/dune_all/dune/CMakeFiles/CMakeTmp/src.cxx
/home/autonaut/dune_all/dune/CMakeFiles/CMakeTmp/src.cxx: In function ‘int main()’:
/home/autonaut/dune_all/dune/CMakeFiles/CMakeTmp/src.cxx:3:1: error: ‘HANDLE’ was not declared in this scope
 HANDLE x;
 ^
/home/autonaut/dune_all/dune/CMakeFiles/CMakeTmp/src.cxx:4:1: error: ‘DWORD’ was not declared in this scope
 DWORD xx;
 ^
/home/autonaut/dune_all/dune/CMakeFiles/CMakeTmp/src.cxx:6:2: error: ‘BOOL’ was not declared in this scope
  BOOL rv = SetCommMask(x, xx);
  ^
CMakeFiles/cmTC_e16ba.dir/build.make:65: recipe for target 'CMakeFiles/cmTC_e16ba.dir/src.cxx.o' failed
make[1]: *** [CMakeFiles/cmTC_e16ba.dir/src.cxx.o] Error 1
make[1]: Leaving directory '/home/autonaut/dune_all/dune/CMakeFiles/CMakeTmp'
Makefile:126: recipe for target 'cmTC_e16ba/fast' failed
make: *** [cmTC_e16ba/fast] Error 2

Source file was:

int main(void) {
HANDLE x;
DWORD xx;

 BOOL rv = SetCommMask(x, xx);
return 0;
}

Performing C++ SOURCE FILE Test DUNE_SYS_HAS_PURGE_COMM failed with the following output:
Change Dir: /home/autonaut/dune_all/dune/CMakeFiles/CMakeTmp

Run Build Command:"/usr/bin/make" "cmTC_20ff9/fast"
/usr/bin/make -f CMakeFiles/cmTC_20ff9.dir/build.make CMakeFiles/cmTC_20ff9.dir/build
make[1]: Entering directory '/home/autonaut/dune_all/dune/CMakeFiles/CMakeTmp'
Building CXX object CMakeFiles/cmTC_20ff9.dir/src.cxx.o
/usr/bin/c++     -DDUNE_SYS_HAS_PURGE_COMM -Wall -Wshadow -pedantic   -o CMakeFiles/cmTC_20ff9.dir/src.cxx.o -c /home/autonaut/dune_all/dune/CMakeFiles/CMakeTmp/src.cxx
/home/autonaut/dune_all/dune/CMakeFiles/CMakeTmp/src.cxx: In function ‘int main()’:
/home/autonaut/dune_all/dune/CMakeFiles/CMakeTmp/src.cxx:3:1: error: ‘HANDLE’ was not declared in this scope
 HANDLE x;
 ^
/home/autonaut/dune_all/dune/CMakeFiles/CMakeTmp/src.cxx:4:1: error: ‘DWORD’ was not declared in this scope
 DWORD xx;
 ^
/home/autonaut/dune_all/dune/CMakeFiles/CMakeTmp/src.cxx:6:2: error: ‘BOOL’ was not declared in this scope
  BOOL rv = PurgeComm(x, xx);
  ^
CMakeFiles/cmTC_20ff9.dir/build.make:65: recipe for target 'CMakeFiles/cmTC_20ff9.dir/src.cxx.o' failed
make[1]: *** [CMakeFiles/cmTC_20ff9.dir/src.cxx.o] Error 1
make[1]: Leaving directory '/home/autonaut/dune_all/dune/CMakeFiles/CMakeTmp'
Makefile:126: recipe for target 'cmTC_20ff9/fast' failed
make: *** [cmTC_20ff9/fast] Error 2

Source file was:

int main(void) {
HANDLE x;
DWORD xx;

 BOOL rv = PurgeComm(x, xx);
return 0;
}

Performing C++ SOURCE FILE Test DUNE_SYS_HAS_WAIT_COMM_EVENT failed with the following output:
Change Dir: /home/autonaut/dune_all/dune/CMakeFiles/CMakeTmp

Run Build Command:"/usr/bin/make" "cmTC_4537d/fast"
/usr/bin/make -f CMakeFiles/cmTC_4537d.dir/build.make CMakeFiles/cmTC_4537d.dir/build
make[1]: Entering directory '/home/autonaut/dune_all/dune/CMakeFiles/CMakeTmp'
Building CXX object CMakeFiles/cmTC_4537d.dir/src.cxx.o
/usr/bin/c++     -DDUNE_SYS_HAS_WAIT_COMM_EVENT -Wall -Wshadow -pedantic   -o CMakeFiles/cmTC_4537d.dir/src.cxx.o -c /home/autonaut/dune_all/dune/CMakeFiles/CMakeTmp/src.cxx
/home/autonaut/dune_all/dune/CMakeFiles/CMakeTmp/src.cxx: In function ‘int main()’:
/home/autonaut/dune_all/dune/CMakeFiles/CMakeTmp/src.cxx:3:1: error: ‘HANDLE’ was not declared in this scope
 HANDLE x;
 ^
/home/autonaut/dune_all/dune/CMakeFiles/CMakeTmp/src.cxx:4:1: error: ‘DWORD’ was not declared in this scope
 DWORD xx;
 ^
/home/autonaut/dune_all/dune/CMakeFiles/CMakeTmp/src.cxx:5:1: error: ‘OVERLAPPED’ was not declared in this scope
 OVERLAPPED xxx;
 ^
/home/autonaut/dune_all/dune/CMakeFiles/CMakeTmp/src.cxx:7:2: error: ‘BOOL’ was not declared in this scope
  BOOL rv = WaitCommEvent(x, &xx, &xxx);
  ^
CMakeFiles/cmTC_4537d.dir/build.make:65: recipe for target 'CMakeFiles/cmTC_4537d.dir/src.cxx.o' failed
make[1]: *** [CMakeFiles/cmTC_4537d.dir/src.cxx.o] Error 1
make[1]: Leaving directory '/home/autonaut/dune_all/dune/CMakeFiles/CMakeTmp'
Makefile:126: recipe for target 'cmTC_4537d/fast' failed
make: *** [cmTC_4537d/fast] Error 2

Source file was:

int main(void) {
HANDLE x;
DWORD xx;
OVERLAPPED xxx;

 BOOL rv = WaitCommEvent(x, &xx, &xxx);
return 0;
}

Performing C++ SOURCE FILE Test DUNE_SYS_HAS_SET_COMM_BREAK failed with the following output:
Change Dir: /home/autonaut/dune_all/dune/CMakeFiles/CMakeTmp

Run Build Command:"/usr/bin/make" "cmTC_27c81/fast"
/usr/bin/make -f CMakeFiles/cmTC_27c81.dir/build.make CMakeFiles/cmTC_27c81.dir/build
make[1]: Entering directory '/home/autonaut/dune_all/dune/CMakeFiles/CMakeTmp'
Building CXX object CMakeFiles/cmTC_27c81.dir/src.cxx.o
/usr/bin/c++     -DDUNE_SYS_HAS_SET_COMM_BREAK -Wall -Wshadow -pedantic   -o CMakeFiles/cmTC_27c81.dir/src.cxx.o -c /home/autonaut/dune_all/dune/CMakeFiles/CMakeTmp/src.cxx
/home/autonaut/dune_all/dune/CMakeFiles/CMakeTmp/src.cxx: In function ‘int main()’:
/home/autonaut/dune_all/dune/CMakeFiles/CMakeTmp/src.cxx:3:1: error: ‘HANDLE’ was not declared in this scope
 HANDLE x;
 ^
/home/autonaut/dune_all/dune/CMakeFiles/CMakeTmp/src.cxx:5:2: error: ‘BOOL’ was not declared in this scope
  BOOL rv = SetCommBreak(x);
  ^
CMakeFiles/cmTC_27c81.dir/build.make:65: recipe for target 'CMakeFiles/cmTC_27c81.dir/src.cxx.o' failed
make[1]: *** [CMakeFiles/cmTC_27c81.dir/src.cxx.o] Error 1
make[1]: Leaving directory '/home/autonaut/dune_all/dune/CMakeFiles/CMakeTmp'
Makefile:126: recipe for target 'cmTC_27c81/fast' failed
make: *** [cmTC_27c81/fast] Error 2

Source file was:

int main(void) {
HANDLE x;

 BOOL rv = SetCommBreak(x);
return 0;
}

Performing C++ SOURCE FILE Test DUNE_SYS_HAS_CLEAR_COMM_BREAK failed with the following output:
Change Dir: /home/autonaut/dune_all/dune/CMakeFiles/CMakeTmp

Run Build Command:"/usr/bin/make" "cmTC_1d672/fast"
/usr/bin/make -f CMakeFiles/cmTC_1d672.dir/build.make CMakeFiles/cmTC_1d672.dir/build
make[1]: Entering directory '/home/autonaut/dune_all/dune/CMakeFiles/CMakeTmp'
Building CXX object CMakeFiles/cmTC_1d672.dir/src.cxx.o
/usr/bin/c++     -DDUNE_SYS_HAS_CLEAR_COMM_BREAK -Wall -Wshadow -pedantic   -o CMakeFiles/cmTC_1d672.dir/src.cxx.o -c /home/autonaut/dune_all/dune/CMakeFiles/CMakeTmp/src.cxx
/home/autonaut/dune_all/dune/CMakeFiles/CMakeTmp/src.cxx: In function ‘int main()’:
/home/autonaut/dune_all/dune/CMakeFiles/CMakeTmp/src.cxx:3:1: error: ‘HANDLE’ was not declared in this scope
 HANDLE x;
 ^
/home/autonaut/dune_all/dune/CMakeFiles/CMakeTmp/src.cxx:5:2: error: ‘BOOL’ was not declared in this scope
  BOOL rv = ClearCommBreak(x);
  ^
CMakeFiles/cmTC_1d672.dir/build.make:65: recipe for target 'CMakeFiles/cmTC_1d672.dir/src.cxx.o' failed
make[1]: *** [CMakeFiles/cmTC_1d672.dir/src.cxx.o] Error 1
make[1]: Leaving directory '/home/autonaut/dune_all/dune/CMakeFiles/CMakeTmp'
Makefile:126: recipe for target 'cmTC_1d672/fast' failed
make: *** [cmTC_1d672/fast] Error 2

Source file was:

int main(void) {
HANDLE x;

 BOOL rv = ClearCommBreak(x);
return 0;
}

Performing C++ SOURCE FILE Test DUNE_SYS_HAS_CLEAR_COMM_ERROR failed with the following output:
Change Dir: /home/autonaut/dune_all/dune/CMakeFiles/CMakeTmp

Run Build Command:"/usr/bin/make" "cmTC_c8ca0/fast"
/usr/bin/make -f CMakeFiles/cmTC_c8ca0.dir/build.make CMakeFiles/cmTC_c8ca0.dir/build
make[1]: Entering directory '/home/autonaut/dune_all/dune/CMakeFiles/CMakeTmp'
Building CXX object CMakeFiles/cmTC_c8ca0.dir/src.cxx.o
/usr/bin/c++     -DDUNE_SYS_HAS_CLEAR_COMM_ERROR -Wall -Wshadow -pedantic   -o CMakeFiles/cmTC_c8ca0.dir/src.cxx.o -c /home/autonaut/dune_all/dune/CMakeFiles/CMakeTmp/src.cxx
/home/autonaut/dune_all/dune/CMakeFiles/CMakeTmp/src.cxx: In function ‘int main()’:
/home/autonaut/dune_all/dune/CMakeFiles/CMakeTmp/src.cxx:3:1: error: ‘HANDLE’ was not declared in this scope
 HANDLE x;
 ^
/home/autonaut/dune_all/dune/CMakeFiles/CMakeTmp/src.cxx:4:1: error: ‘DWORD’ was not declared in this scope
 DWORD xx;
 ^
/home/autonaut/dune_all/dune/CMakeFiles/CMakeTmp/src.cxx:5:1: error: ‘COMSTAT’ was not declared in this scope
 COMSTAT xxx;
 ^
/home/autonaut/dune_all/dune/CMakeFiles/CMakeTmp/src.cxx:7:2: error: ‘BOOL’ was not declared in this scope
  BOOL rv = ClearCommError(x, &xx, &xxx);
  ^
CMakeFiles/cmTC_c8ca0.dir/build.make:65: recipe for target 'CMakeFiles/cmTC_c8ca0.dir/src.cxx.o' failed
make[1]: *** [CMakeFiles/cmTC_c8ca0.dir/src.cxx.o] Error 1
make[1]: Leaving directory '/home/autonaut/dune_all/dune/CMakeFiles/CMakeTmp'
Makefile:126: recipe for target 'cmTC_c8ca0/fast' failed
make: *** [cmTC_c8ca0/fast] Error 2

Source file was:

int main(void) {
HANDLE x;
DWORD xx;
COMSTAT xxx;

 BOOL rv = ClearCommError(x, &xx, &xxx);
return 0;
}

Performing C++ SOURCE FILE Test DUNE_SYS_HAS_WAIT_FOR_SINGLE_OBJECT failed with the following output:
Change Dir: /home/autonaut/dune_all/dune/CMakeFiles/CMakeTmp

Run Build Command:"/usr/bin/make" "cmTC_7bf8b/fast"
/usr/bin/make -f CMakeFiles/cmTC_7bf8b.dir/build.make CMakeFiles/cmTC_7bf8b.dir/build
make[1]: Entering directory '/home/autonaut/dune_all/dune/CMakeFiles/CMakeTmp'
Building CXX object CMakeFiles/cmTC_7bf8b.dir/src.cxx.o
/usr/bin/c++     -DDUNE_SYS_HAS_WAIT_FOR_SINGLE_OBJECT -Wall -Wshadow -pedantic   -o CMakeFiles/cmTC_7bf8b.dir/src.cxx.o -c /home/autonaut/dune_all/dune/CMakeFiles/CMakeTmp/src.cxx
/home/autonaut/dune_all/dune/CMakeFiles/CMakeTmp/src.cxx: In function ‘int main()’:
/home/autonaut/dune_all/dune/CMakeFiles/CMakeTmp/src.cxx:3:1: error: ‘HANDLE’ was not declared in this scope
 HANDLE x;
 ^
/home/autonaut/dune_all/dune/CMakeFiles/CMakeTmp/src.cxx:4:1: error: ‘DWORD’ was not declared in this scope
 DWORD xx;
 ^
/home/autonaut/dune_all/dune/CMakeFiles/CMakeTmp/src.cxx:6:8: error: expected ‘;’ before ‘rv’
  DWORD rv = WaitForSingleObject(x, xx);
        ^
CMakeFiles/cmTC_7bf8b.dir/build.make:65: recipe for target 'CMakeFiles/cmTC_7bf8b.dir/src.cxx.o' failed
make[1]: *** [CMakeFiles/cmTC_7bf8b.dir/src.cxx.o] Error 1
make[1]: Leaving directory '/home/autonaut/dune_all/dune/CMakeFiles/CMakeTmp'
Makefile:126: recipe for target 'cmTC_7bf8b/fast' failed
make: *** [cmTC_7bf8b/fast] Error 2

Source file was:

int main(void) {
HANDLE x;
DWORD xx;

 DWORD rv = WaitForSingleObject(x, xx);
return 0;
}

Performing C++ SOURCE FILE Test DUNE_SYS_HAS_CREATE_EVENT failed with the following output:
Change Dir: /home/autonaut/dune_all/dune/CMakeFiles/CMakeTmp

Run Build Command:"/usr/bin/make" "cmTC_0650f/fast"
/usr/bin/make -f CMakeFiles/cmTC_0650f.dir/build.make CMakeFiles/cmTC_0650f.dir/build
make[1]: Entering directory '/home/autonaut/dune_all/dune/CMakeFiles/CMakeTmp'
Building CXX object CMakeFiles/cmTC_0650f.dir/src.cxx.o
/usr/bin/c++     -DDUNE_SYS_HAS_CREATE_EVENT -Wall -Wshadow -pedantic   -o CMakeFiles/cmTC_0650f.dir/src.cxx.o -c /home/autonaut/dune_all/dune/CMakeFiles/CMakeTmp/src.cxx
/home/autonaut/dune_all/dune/CMakeFiles/CMakeTmp/src.cxx: In function ‘int main()’:
/home/autonaut/dune_all/dune/CMakeFiles/CMakeTmp/src.cxx:3:1: error: ‘SECURITY_ATTRIBUTES’ was not declared in this scope
 SECURITY_ATTRIBUTES x;
 ^
/home/autonaut/dune_all/dune/CMakeFiles/CMakeTmp/src.cxx:4:1: error: ‘BOOL’ was not declared in this scope
 BOOL xx;
 ^
/home/autonaut/dune_all/dune/CMakeFiles/CMakeTmp/src.cxx:5:6: error: expected ‘;’ before ‘xxx’
 BOOL xxx;
      ^
/home/autonaut/dune_all/dune/CMakeFiles/CMakeTmp/src.cxx:6:1: error: ‘LPCSTR’ was not declared in this scope
 LPCSTR xxxx;
 ^
/home/autonaut/dune_all/dune/CMakeFiles/CMakeTmp/src.cxx:8:2: error: ‘HANDLE’ was not declared in this scope
  HANDLE rv = CreateEvent(&x, xx, xxx, xxxx);
  ^
CMakeFiles/cmTC_0650f.dir/build.make:65: recipe for target 'CMakeFiles/cmTC_0650f.dir/src.cxx.o' failed
make[1]: *** [CMakeFiles/cmTC_0650f.dir/src.cxx.o] Error 1
make[1]: Leaving directory '/home/autonaut/dune_all/dune/CMakeFiles/CMakeTmp'
Makefile:126: recipe for target 'cmTC_0650f/fast' failed
make: *** [cmTC_0650f/fast] Error 2

Source file was:

int main(void) {
SECURITY_ATTRIBUTES x;
BOOL xx;
BOOL xxx;
LPCSTR xxxx;

 HANDLE rv = CreateEvent(&x, xx, xxx, xxxx);
return 0;
}

Performing C++ SOURCE FILE Test DUNE_SYS_HAS__ISNAN failed with the following output:
Change Dir: /home/autonaut/dune_all/dune/CMakeFiles/CMakeTmp

Run Build Command:"/usr/bin/make" "cmTC_f88b9/fast"
/usr/bin/make -f CMakeFiles/cmTC_f88b9.dir/build.make CMakeFiles/cmTC_f88b9.dir/build
make[1]: Entering directory '/home/autonaut/dune_all/dune/CMakeFiles/CMakeTmp'
Building CXX object CMakeFiles/cmTC_f88b9.dir/src.cxx.o
/usr/bin/c++     -DDUNE_SYS_HAS__ISNAN -Wall -Wshadow -pedantic   -o CMakeFiles/cmTC_f88b9.dir/src.cxx.o -c /home/autonaut/dune_all/dune/CMakeFiles/CMakeTmp/src.cxx
/home/autonaut/dune_all/dune/CMakeFiles/CMakeTmp/src.cxx: In function ‘int main()’:
/home/autonaut/dune_all/dune/CMakeFiles/CMakeTmp/src.cxx:6:19: error: ‘_isnan’ was not declared in this scope
  int rv = _isnan(x);
                   ^
/home/autonaut/dune_all/dune/CMakeFiles/CMakeTmp/src.cxx:6:6: warning: unused variable ‘rv’ [-Wunused-variable]
  int rv = _isnan(x);
      ^
CMakeFiles/cmTC_f88b9.dir/build.make:65: recipe for target 'CMakeFiles/cmTC_f88b9.dir/src.cxx.o' failed
make[1]: *** [CMakeFiles/cmTC_f88b9.dir/src.cxx.o] Error 1
make[1]: Leaving directory '/home/autonaut/dune_all/dune/CMakeFiles/CMakeTmp'
Makefile:126: recipe for target 'cmTC_f88b9/fast' failed
make: *** [cmTC_f88b9/fast] Error 2

Source file was:
#include <float.h>

int main(void) {
double x;

 int rv = _isnan(x);
return 0;
}

Performing C++ SOURCE FILE Test DUNE_SYS_HAS_CRITICAL_SECTION failed with the following output:
Change Dir: /home/autonaut/dune_all/dune/CMakeFiles/CMakeTmp

Run Build Command:"/usr/bin/make" "cmTC_fcfce/fast"
/usr/bin/make -f CMakeFiles/cmTC_fcfce.dir/build.make CMakeFiles/cmTC_fcfce.dir/build
make[1]: Entering directory '/home/autonaut/dune_all/dune/CMakeFiles/CMakeTmp'
Building CXX object CMakeFiles/cmTC_fcfce.dir/src.cxx.o
/usr/bin/c++     -DDUNE_SYS_HAS_CRITICAL_SECTION -Wall -Wshadow -pedantic   -o CMakeFiles/cmTC_fcfce.dir/src.cxx.o -c /home/autonaut/dune_all/dune/CMakeFiles/CMakeTmp/src.cxx
/home/autonaut/dune_all/dune/CMakeFiles/CMakeTmp/src.cxx: In function ‘int main()’:
/home/autonaut/dune_all/dune/CMakeFiles/CMakeTmp/src.cxx:2:18: error: ‘CRITICAL_SECTION’ was not declared in this scope
 int main(void) { CRITICAL_SECTION x; return 0;}
                  ^
CMakeFiles/cmTC_fcfce.dir/build.make:65: recipe for target 'CMakeFiles/cmTC_fcfce.dir/src.cxx.o' failed
make[1]: *** [CMakeFiles/cmTC_fcfce.dir/src.cxx.o] Error 1
make[1]: Leaving directory '/home/autonaut/dune_all/dune/CMakeFiles/CMakeTmp'
Makefile:126: recipe for target 'cmTC_fcfce/fast' failed
make: *** [cmTC_fcfce/fast] Error 2

Source file was:

int main(void) { CRITICAL_SECTION x; return 0;}

Determining if the function BVTSonar_Create exists in the bvtsdk failed with the following output:
Change Dir: /home/autonaut/dune_all/dune/CMakeFiles/CMakeTmp

Run Build Command:"/usr/bin/make" "cmTC_24355/fast"
/usr/bin/make -f CMakeFiles/cmTC_24355.dir/build.make CMakeFiles/cmTC_24355.dir/build
make[1]: Entering directory '/home/autonaut/dune_all/dune/CMakeFiles/CMakeTmp'
Building C object CMakeFiles/cmTC_24355.dir/CheckFunctionExists.c.o
/usr/bin/cc    -DCHECK_FUNCTION_EXISTS=BVTSonar_Create -Wall -Wshadow -pedantic   -o CMakeFiles/cmTC_24355.dir/CheckFunctionExists.c.o   -c /usr/share/cmake-3.5/Modules/CheckFunctionExists.c
Linking C executable cmTC_24355
/usr/bin/cmake -E cmake_link_script CMakeFiles/cmTC_24355.dir/link.txt --verbose=1
/usr/bin/cc   -DCHECK_FUNCTION_EXISTS=BVTSonar_Create -Wall -Wshadow -pedantic    CMakeFiles/cmTC_24355.dir/CheckFunctionExists.c.o  -o cmTC_24355 -rdynamic -lbvtsdk -lrt -lpthread -lm -lnsl -ldl 
/usr/bin/ld: cannot find -lbvtsdk
collect2: error: ld returned 1 exit status
CMakeFiles/cmTC_24355.dir/build.make:97: recipe for target 'cmTC_24355' failed
make[1]: *** [cmTC_24355] Error 1
make[1]: Leaving directory '/home/autonaut/dune_all/dune/CMakeFiles/CMakeTmp'
Makefile:126: recipe for target 'cmTC_24355/fast' failed
make: *** [cmTC_24355/fast] Error 2


Determining if the include file bvt_sdk.h exists failed with the following output:
Change Dir: /home/autonaut/dune_all/dune/CMakeFiles/CMakeTmp

Run Build Command:"/usr/bin/make" "cmTC_d982f/fast"
/usr/bin/make -f CMakeFiles/cmTC_d982f.dir/build.make CMakeFiles/cmTC_d982f.dir/build
make[1]: Entering directory '/home/autonaut/dune_all/dune/CMakeFiles/CMakeTmp'
Building CXX object CMakeFiles/cmTC_d982f.dir/CheckIncludeFile.cxx.o
/usr/bin/c++     -Wall -Wshadow -pedantic   -o CMakeFiles/cmTC_d982f.dir/CheckIncludeFile.cxx.o -c /home/autonaut/dune_all/dune/CMakeFiles/CMakeTmp/CheckIncludeFile.cxx
/home/autonaut/dune_all/dune/CMakeFiles/CMakeTmp/CheckIncludeFile.cxx:1:21: fatal error: bvt_sdk.h: No such file or directory
compilation terminated.
CMakeFiles/cmTC_d982f.dir/build.make:65: recipe for target 'CMakeFiles/cmTC_d982f.dir/CheckIncludeFile.cxx.o' failed
make[1]: *** [CMakeFiles/cmTC_d982f.dir/CheckIncludeFile.cxx.o] Error 1
make[1]: Leaving directory '/home/autonaut/dune_all/dune/CMakeFiles/CMakeTmp'
Makefile:126: recipe for target 'cmTC_d982f/fast' failed
make: *** [cmTC_d982f/fast] Error 2


Determining if the function CPhidgetBridge_setEnabled exists in the phidget21 failed with the following output:
Change Dir: /home/autonaut/dune_all/dune/CMakeFiles/CMakeTmp

Run Build Command:"/usr/bin/make" "cmTC_f3268/fast"
/usr/bin/make -f CMakeFiles/cmTC_f3268.dir/build.make CMakeFiles/cmTC_f3268.dir/build
make[1]: Entering directory '/home/autonaut/dune_all/dune/CMakeFiles/CMakeTmp'
Building C object CMakeFiles/cmTC_f3268.dir/CheckFunctionExists.c.o
/usr/bin/cc    -DCHECK_FUNCTION_EXISTS=CPhidgetBridge_setEnabled -Wall -Wshadow -pedantic   -o CMakeFiles/cmTC_f3268.dir/CheckFunctionExists.c.o   -c /usr/share/cmake-3.5/Modules/CheckFunctionExists.c
Linking C executable cmTC_f3268
/usr/bin/cmake -E cmake_link_script CMakeFiles/cmTC_f3268.dir/link.txt --verbose=1
/usr/bin/cc   -DCHECK_FUNCTION_EXISTS=CPhidgetBridge_setEnabled -Wall -Wshadow -pedantic    CMakeFiles/cmTC_f3268.dir/CheckFunctionExists.c.o  -o cmTC_f3268 -rdynamic -lphidget21 -lrt -lpthread -lm -lnsl -ldl 
/usr/bin/ld: cannot find -lphidget21
collect2: error: ld returned 1 exit status
CMakeFiles/cmTC_f3268.dir/build.make:97: recipe for target 'cmTC_f3268' failed
make[1]: *** [cmTC_f3268] Error 1
make[1]: Leaving directory '/home/autonaut/dune_all/dune/CMakeFiles/CMakeTmp'
Makefile:126: recipe for target 'cmTC_f3268/fast' failed
make: *** [cmTC_f3268/fast] Error 2


Determining if the include file phidget21.h exists failed with the following output:
Change Dir: /home/autonaut/dune_all/dune/CMakeFiles/CMakeTmp

Run Build Command:"/usr/bin/make" "cmTC_86113/fast"
/usr/bin/make -f CMakeFiles/cmTC_86113.dir/build.make CMakeFiles/cmTC_86113.dir/build
make[1]: Entering directory '/home/autonaut/dune_all/dune/CMakeFiles/CMakeTmp'
Building CXX object CMakeFiles/cmTC_86113.dir/CheckIncludeFile.cxx.o
/usr/bin/c++     -Wall -Wshadow -pedantic   -o CMakeFiles/cmTC_86113.dir/CheckIncludeFile.cxx.o -c /home/autonaut/dune_all/dune/CMakeFiles/CMakeTmp/CheckIncludeFile.cxx
/home/autonaut/dune_all/dune/CMakeFiles/CMakeTmp/CheckIncludeFile.cxx:1:23: fatal error: phidget21.h: No such file or directory
compilation terminated.
CMakeFiles/cmTC_86113.dir/build.make:65: recipe for target 'CMakeFiles/cmTC_86113.dir/CheckIncludeFile.cxx.o' failed
make[1]: *** [CMakeFiles/cmTC_86113.dir/CheckIncludeFile.cxx.o] Error 1
make[1]: Leaving directory '/home/autonaut/dune_all/dune/CMakeFiles/CMakeTmp'
Makefile:126: recipe for target 'cmTC_86113/fast' failed
make: *** [cmTC_86113/fast] Error 2


Determining if the function sbp_state_init exists in the swiftnav-static failed with the following output:
Change Dir: /home/autonaut/dune_all/dune/CMakeFiles/CMakeTmp

Run Build Command:"/usr/bin/make" "cmTC_dd6b7/fast"
/usr/bin/make -f CMakeFiles/cmTC_dd6b7.dir/build.make CMakeFiles/cmTC_dd6b7.dir/build
make[1]: Entering directory '/home/autonaut/dune_all/dune/CMakeFiles/CMakeTmp'
Building C object CMakeFiles/cmTC_dd6b7.dir/CheckFunctionExists.c.o
/usr/bin/cc    -DCHECK_FUNCTION_EXISTS=sbp_state_init -Wall -Wshadow -pedantic   -o CMakeFiles/cmTC_dd6b7.dir/CheckFunctionExists.c.o   -c /usr/share/cmake-3.5/Modules/CheckFunctionExists.c
Linking C executable cmTC_dd6b7
/usr/bin/cmake -E cmake_link_script CMakeFiles/cmTC_dd6b7.dir/link.txt --verbose=1
/usr/bin/cc   -DCHECK_FUNCTION_EXISTS=sbp_state_init -Wall -Wshadow -pedantic    CMakeFiles/cmTC_dd6b7.dir/CheckFunctionExists.c.o  -o cmTC_dd6b7 -rdynamic -lswiftnav-static -lrt -lpthread -lm -lnsl -ldl 
/usr/bin/ld: cannot find -lswiftnav-static
collect2: error: ld returned 1 exit status
CMakeFiles/cmTC_dd6b7.dir/build.make:97: recipe for target 'cmTC_dd6b7' failed
make[1]: *** [cmTC_dd6b7] Error 1
make[1]: Leaving directory '/home/autonaut/dune_all/dune/CMakeFiles/CMakeTmp'
Makefile:126: recipe for target 'cmTC_dd6b7/fast' failed
make: *** [cmTC_dd6b7/fast] Error 2


Determining if the include file libswiftnav/sbp.h exists failed with the following output:
Change Dir: /home/autonaut/dune_all/dune/CMakeFiles/CMakeTmp

Run Build Command:"/usr/bin/make" "cmTC_f210b/fast"
/usr/bin/make -f CMakeFiles/cmTC_f210b.dir/build.make CMakeFiles/cmTC_f210b.dir/build
make[1]: Entering directory '/home/autonaut/dune_all/dune/CMakeFiles/CMakeTmp'
Building CXX object CMakeFiles/cmTC_f210b.dir/CheckIncludeFile.cxx.o
/usr/bin/c++     -Wall -Wshadow -pedantic   -o CMakeFiles/cmTC_f210b.dir/CheckIncludeFile.cxx.o -c /home/autonaut/dune_all/dune/CMakeFiles/CMakeTmp/CheckIncludeFile.cxx
/home/autonaut/dune_all/dune/CMakeFiles/CMakeTmp/CheckIncludeFile.cxx:1:29: fatal error: libswiftnav/sbp.h: No such file or directory
compilation terminated.
CMakeFiles/cmTC_f210b.dir/build.make:65: recipe for target 'CMakeFiles/cmTC_f210b.dir/CheckIncludeFile.cxx.o' failed
make[1]: *** [CMakeFiles/cmTC_f210b.dir/CheckIncludeFile.cxx.o] Error 1
make[1]: Leaving directory '/home/autonaut/dune_all/dune/CMakeFiles/CMakeTmp'
Makefile:126: recipe for target 'cmTC_f210b/fast' failed
make: *** [cmTC_f210b/fast] Error 2


Determining if the function jpeg_set_defaults exists in the jpeg failed with the following output:
Change Dir: /home/autonaut/dune_all/dune/CMakeFiles/CMakeTmp

Run Build Command:"/usr/bin/make" "cmTC_c2b4c/fast"
/usr/bin/make -f CMakeFiles/cmTC_c2b4c.dir/build.make CMakeFiles/cmTC_c2b4c.dir/build
make[1]: Entering directory '/home/autonaut/dune_all/dune/CMakeFiles/CMakeTmp'
Building C object CMakeFiles/cmTC_c2b4c.dir/CheckFunctionExists.c.o
/usr/bin/cc    -DCHECK_FUNCTION_EXISTS=jpeg_set_defaults -Wall -Wshadow -pedantic   -o CMakeFiles/cmTC_c2b4c.dir/CheckFunctionExists.c.o   -c /usr/share/cmake-3.5/Modules/CheckFunctionExists.c
Linking C executable cmTC_c2b4c
/usr/bin/cmake -E cmake_link_script CMakeFiles/cmTC_c2b4c.dir/link.txt --verbose=1
/usr/bin/cc   -DCHECK_FUNCTION_EXISTS=jpeg_set_defaults -Wall -Wshadow -pedantic    CMakeFiles/cmTC_c2b4c.dir/CheckFunctionExists.c.o  -o cmTC_c2b4c -rdynamic -ljpeg -lrt -lpthread -lm -lnsl -ldl 
/usr/bin/ld: cannot find -ljpeg
collect2: error: ld returned 1 exit status
CMakeFiles/cmTC_c2b4c.dir/build.make:97: recipe for target 'cmTC_c2b4c' failed
make[1]: *** [cmTC_c2b4c] Error 1
make[1]: Leaving directory '/home/autonaut/dune_all/dune/CMakeFiles/CMakeTmp'
Makefile:126: recipe for target 'cmTC_c2b4c/fast' failed
make: *** [cmTC_c2b4c/fast] Error 2


Performing C++ SOURCE FILE Test DUNE_SYS_HAS_JPEGLIB_H failed with the following output:
Change Dir: /home/autonaut/dune_all/dune/CMakeFiles/CMakeTmp

Run Build Command:"/usr/bin/make" "cmTC_e0789/fast"
/usr/bin/make -f CMakeFiles/cmTC_e0789.dir/build.make CMakeFiles/cmTC_e0789.dir/build
make[1]: Entering directory '/home/autonaut/dune_all/dune/CMakeFiles/CMakeTmp'
Building CXX object CMakeFiles/cmTC_e0789.dir/src.cxx.o
/usr/bin/c++     -DDUNE_SYS_HAS_JPEGLIB_H -Wall -Wshadow -pedantic   -o CMakeFiles/cmTC_e0789.dir/src.cxx.o -c /home/autonaut/dune_all/dune/CMakeFiles/CMakeTmp/src.cxx
/home/autonaut/dune_all/dune/CMakeFiles/CMakeTmp/src.cxx:4:21: fatal error: jpeglib.h: No such file or directory
compilation terminated.
CMakeFiles/cmTC_e0789.dir/build.make:65: recipe for target 'CMakeFiles/cmTC_e0789.dir/src.cxx.o' failed
make[1]: *** [CMakeFiles/cmTC_e0789.dir/src.cxx.o] Error 1
make[1]: Leaving directory '/home/autonaut/dune_all/dune/CMakeFiles/CMakeTmp'
Makefile:126: recipe for target 'cmTC_e0789/fast' failed
make: *** [cmTC_e0789/fast] Error 2

Source file was:
#include <sys/types.h>
#include <stdio.h>

#include <jpeglib.h>
int main(void){ return 0; }

Performing C++ SOURCE FILE Test HAVE_LIB_JPEG_80 failed with the following output:
Change Dir: /home/autonaut/dune_all/dune/CMakeFiles/CMakeTmp

Run Build Command:"/usr/bin/make" "cmTC_2eae0/fast"
/usr/bin/make -f CMakeFiles/cmTC_2eae0.dir/build.make CMakeFiles/cmTC_2eae0.dir/build
make[1]: Entering directory '/home/autonaut/dune_all/dune/CMakeFiles/CMakeTmp'
Building CXX object CMakeFiles/cmTC_2eae0.dir/src.cxx.o
/usr/bin/c++     -DHAVE_LIB_JPEG_80 -Wall -Wshadow -pedantic   -o CMakeFiles/cmTC_2eae0.dir/src.cxx.o -c /home/autonaut/dune_all/dune/CMakeFiles/CMakeTmp/src.cxx
/home/autonaut/dune_all/dune/CMakeFiles/CMakeTmp/src.cxx:3:21: fatal error: jpeglib.h: No such file or directory
compilation terminated.
CMakeFiles/cmTC_2eae0.dir/build.make:65: recipe for target 'CMakeFiles/cmTC_2eae0.dir/src.cxx.o' failed
make[1]: *** [CMakeFiles/cmTC_2eae0.dir/src.cxx.o] Error 1
make[1]: Leaving directory '/home/autonaut/dune_all/dune/CMakeFiles/CMakeTmp'
Makefile:126: recipe for target 'cmTC_2eae0/fast' failed
make: *** [cmTC_2eae0/fast] Error 2

Source file was:

#include <stdio.h>
#include <jpeglib.h>
#if JPEG_LIB_VERSION < 80
#  error JPEG too old
#endif
int main(void) {return 0;}
Determining if the function libusb_init exists in the usb-1.0 failed with the following output:
Change Dir: /home/autonaut/dune_all/dune/CMakeFiles/CMakeTmp

Run Build Command:"/usr/bin/make" "cmTC_e1400/fast"
/usr/bin/make -f CMakeFiles/cmTC_e1400.dir/build.make CMakeFiles/cmTC_e1400.dir/build
make[1]: Entering directory '/home/autonaut/dune_all/dune/CMakeFiles/CMakeTmp'
Building C object CMakeFiles/cmTC_e1400.dir/CheckFunctionExists.c.o
/usr/bin/cc    -DCHECK_FUNCTION_EXISTS=libusb_init -Wall -Wshadow -pedantic   -o CMakeFiles/cmTC_e1400.dir/CheckFunctionExists.c.o   -c /usr/share/cmake-3.5/Modules/CheckFunctionExists.c
Linking C executable cmTC_e1400
/usr/bin/cmake -E cmake_link_script CMakeFiles/cmTC_e1400.dir/link.txt --verbose=1
/usr/bin/cc   -DCHECK_FUNCTION_EXISTS=libusb_init -Wall -Wshadow -pedantic    CMakeFiles/cmTC_e1400.dir/CheckFunctionExists.c.o  -o cmTC_e1400 -rdynamic -lusb-1.0 -lrt -lpthread -lm -lnsl -ldl 
/usr/bin/ld: cannot find -lusb-1.0
collect2: error: ld returned 1 exit status
CMakeFiles/cmTC_e1400.dir/build.make:97: recipe for target 'cmTC_e1400' failed
make[1]: *** [cmTC_e1400] Error 1
make[1]: Leaving directory '/home/autonaut/dune_all/dune/CMakeFiles/CMakeTmp'
Makefile:126: recipe for target 'cmTC_e1400/fast' failed
make: *** [cmTC_e1400/fast] Error 2


Determining if the function hid_close exists in the hidapi-libusb failed with the following output:
Change Dir: /home/autonaut/dune_all/dune/CMakeFiles/CMakeTmp

Run Build Command:"/usr/bin/make" "cmTC_f4012/fast"
/usr/bin/make -f CMakeFiles/cmTC_f4012.dir/build.make CMakeFiles/cmTC_f4012.dir/build
make[1]: Entering directory '/home/autonaut/dune_all/dune/CMakeFiles/CMakeTmp'
Building C object CMakeFiles/cmTC_f4012.dir/CheckFunctionExists.c.o
/usr/bin/cc    -DCHECK_FUNCTION_EXISTS=hid_close -Wall -Wshadow -pedantic   -o CMakeFiles/cmTC_f4012.dir/CheckFunctionExists.c.o   -c /usr/share/cmake-3.5/Modules/CheckFunctionExists.c
Linking C executable cmTC_f4012
/usr/bin/cmake -E cmake_link_script CMakeFiles/cmTC_f4012.dir/link.txt --verbose=1
/usr/bin/cc   -DCHECK_FUNCTION_EXISTS=hid_close -Wall -Wshadow -pedantic    CMakeFiles/cmTC_f4012.dir/CheckFunctionExists.c.o  -o cmTC_f4012 -rdynamic -lhidapi-libusb -lrt -lpthread -lm -lnsl -ldl 
/usr/bin/ld: cannot find -lhidapi-libusb
collect2: error: ld returned 1 exit status
CMakeFiles/cmTC_f4012.dir/build.make:97: recipe for target 'cmTC_f4012' failed
make[1]: *** [cmTC_f4012] Error 1
make[1]: Leaving directory '/home/autonaut/dune_all/dune/CMakeFiles/CMakeTmp'
Makefile:126: recipe for target 'cmTC_f4012/fast' failed
make: *** [cmTC_f4012/fast] Error 2


Determining if the function usb_device_find_USB_MCC exists in the mccusb failed with the following output:
Change Dir: /home/autonaut/dune_all/dune/CMakeFiles/CMakeTmp

Run Build Command:"/usr/bin/make" "cmTC_6356e/fast"
/usr/bin/make -f CMakeFiles/cmTC_6356e.dir/build.make CMakeFiles/cmTC_6356e.dir/build
make[1]: Entering directory '/home/autonaut/dune_all/dune/CMakeFiles/CMakeTmp'
Building C object CMakeFiles/cmTC_6356e.dir/CheckFunctionExists.c.o
/usr/bin/cc    -DCHECK_FUNCTION_EXISTS=usb_device_find_USB_MCC -Wall -Wshadow -pedantic   -o CMakeFiles/cmTC_6356e.dir/CheckFunctionExists.c.o   -c /usr/share/cmake-3.5/Modules/CheckFunctionExists.c
Linking C executable cmTC_6356e
/usr/bin/cmake -E cmake_link_script CMakeFiles/cmTC_6356e.dir/link.txt --verbose=1
/usr/bin/cc   -DCHECK_FUNCTION_EXISTS=usb_device_find_USB_MCC -Wall -Wshadow -pedantic    CMakeFiles/cmTC_6356e.dir/CheckFunctionExists.c.o  -o cmTC_6356e -rdynamic -lmccusb -lrt -lpthread -lm -lnsl -ldl 
/usr/bin/ld: cannot find -lmccusb
collect2: error: ld returned 1 exit status
CMakeFiles/cmTC_6356e.dir/build.make:97: recipe for target 'cmTC_6356e' failed
make[1]: *** [cmTC_6356e] Error 1
make[1]: Leaving directory '/home/autonaut/dune_all/dune/CMakeFiles/CMakeTmp'
Makefile:126: recipe for target 'cmTC_6356e/fast' failed
make: *** [cmTC_6356e/fast] Error 2


Determining if the include file mccusb/pmd.h exists failed with the following output:
Change Dir: /home/autonaut/dune_all/dune/CMakeFiles/CMakeTmp

Run Build Command:"/usr/bin/make" "cmTC_0295d/fast"
/usr/bin/make -f CMakeFiles/cmTC_0295d.dir/build.make CMakeFiles/cmTC_0295d.dir/build
make[1]: Entering directory '/home/autonaut/dune_all/dune/CMakeFiles/CMakeTmp'
Building CXX object CMakeFiles/cmTC_0295d.dir/CheckIncludeFile.cxx.o
/usr/bin/c++     -Wall -Wshadow -pedantic   -o CMakeFiles/cmTC_0295d.dir/CheckIncludeFile.cxx.o -c /home/autonaut/dune_all/dune/CMakeFiles/CMakeTmp/CheckIncludeFile.cxx
/home/autonaut/dune_all/dune/CMakeFiles/CMakeTmp/CheckIncludeFile.cxx:1:24: fatal error: mccusb/pmd.h: No such file or directory
compilation terminated.
CMakeFiles/cmTC_0295d.dir/build.make:65: recipe for target 'CMakeFiles/cmTC_0295d.dir/CheckIncludeFile.cxx.o' failed
make[1]: *** [CMakeFiles/cmTC_0295d.dir/CheckIncludeFile.cxx.o] Error 1
make[1]: Leaving directory '/home/autonaut/dune_all/dune/CMakeFiles/CMakeTmp'
Makefile:126: recipe for target 'cmTC_0295d/fast' failed
make: *** [cmTC_0295d/fast] Error 2


Determining if the function FT_Open exists in the ftd2xx failed with the following output:
Change Dir: /home/autonaut/dune_all/dune/CMakeFiles/CMakeTmp

Run Build Command:"/usr/bin/make" "cmTC_ead37/fast"
/usr/bin/make -f CMakeFiles/cmTC_ead37.dir/build.make CMakeFiles/cmTC_ead37.dir/build
make[1]: Entering directory '/home/autonaut/dune_all/dune/CMakeFiles/CMakeTmp'
Building C object CMakeFiles/cmTC_ead37.dir/CheckFunctionExists.c.o
/usr/bin/cc    -DCHECK_FUNCTION_EXISTS=FT_Open -Wall -Wshadow -pedantic   -o CMakeFiles/cmTC_ead37.dir/CheckFunctionExists.c.o   -c /usr/share/cmake-3.5/Modules/CheckFunctionExists.c
Linking C executable cmTC_ead37
/usr/bin/cmake -E cmake_link_script CMakeFiles/cmTC_ead37.dir/link.txt --verbose=1
/usr/bin/cc   -DCHECK_FUNCTION_EXISTS=FT_Open -Wall -Wshadow -pedantic    CMakeFiles/cmTC_ead37.dir/CheckFunctionExists.c.o  -o cmTC_ead37 -rdynamic -lftd2xx -lrt -lpthread -lm -lnsl -ldl 
/usr/bin/ld: cannot find -lftd2xx
collect2: error: ld returned 1 exit status
CMakeFiles/cmTC_ead37.dir/build.make:97: recipe for target 'cmTC_ead37' failed
make[1]: *** [cmTC_ead37] Error 1
make[1]: Leaving directory '/home/autonaut/dune_all/dune/CMakeFiles/CMakeTmp'
Makefile:126: recipe for target 'cmTC_ead37/fast' failed
make: *** [cmTC_ead37/fast] Error 2


Determining if the include file ftd2xx.h exists failed with the following output:
Change Dir: /home/autonaut/dune_all/dune/CMakeFiles/CMakeTmp

Run Build Command:"/usr/bin/make" "cmTC_f3d27/fast"
/usr/bin/make -f CMakeFiles/cmTC_f3d27.dir/build.make CMakeFiles/cmTC_f3d27.dir/build
make[1]: Entering directory '/home/autonaut/dune_all/dune/CMakeFiles/CMakeTmp'
Building CXX object CMakeFiles/cmTC_f3d27.dir/CheckIncludeFile.cxx.o
/usr/bin/c++     -Wall -Wshadow -pedantic   -o CMakeFiles/cmTC_f3d27.dir/CheckIncludeFile.cxx.o -c /home/autonaut/dune_all/dune/CMakeFiles/CMakeTmp/CheckIncludeFile.cxx
/home/autonaut/dune_all/dune/CMakeFiles/CMakeTmp/CheckIncludeFile.cxx:1:20: fatal error: ftd2xx.h: No such file or directory
compilation terminated.
CMakeFiles/cmTC_f3d27.dir/build.make:65: recipe for target 'CMakeFiles/cmTC_f3d27.dir/CheckIncludeFile.cxx.o' failed
make[1]: *** [CMakeFiles/cmTC_f3d27.dir/CheckIncludeFile.cxx.o] Error 1
make[1]: Leaving directory '/home/autonaut/dune_all/dune/CMakeFiles/CMakeTmp'
Makefile:126: recipe for target 'cmTC_f3d27/fast' failed
make: *** [cmTC_f3d27/fast] Error 2


